#
# There is insufficient memory for the Java Runtime Environment to continue.
# Native memory allocation (malloc) failed to allocate 3205504 bytes for Chunk::new
# Possible reasons:
#   The system is out of physical RAM or swap space
#   The process is running with CompressedOops enabled, and the Java Heap may be blocking the growth of the native heap
# Possible solutions:
#   Reduce memory load on the system
#   Increase physical memory or swap space
#   Check if swap backing store is full
#   Decrease Java heap size (-Xmx/-Xms)
#   Decrease number of Java threads
#   Decrease Java thread stack sizes (-Xss)
#   Set larger code cache with -XX:ReservedCodeCacheSize=
#   JVM is running with Unscaled Compressed Oops mode in which the Java heap is
#     placed in the first 4GB address space. The Java Heap base address is the
#     maximum limit for the native heap growth. Please use -XX:HeapBaseMinAddress
#     to set the Java Heap base and to place the Java Heap above 4GB virtual address.
# This output file may be truncated or incomplete.
#
#  Out of Memory Error (arena.cpp:189), pid=20880, tid=10848
#
# JRE version: Java(TM) SE Runtime Environment (17.0.12+8) (build 17.0.12+8-LTS-286)
# Java VM: Java HotSpot(TM) 64-Bit Server VM (17.0.12+8-LTS-286, mixed mode, sharing, tiered, compressed oops, compressed class ptrs, g1 gc, windows-amd64)
# No core dump will be written. Minidumps are not enabled by default on client versions of Windows
#

---------------  S U M M A R Y ------------

Command Line: --add-opens=java.base/java.lang=ALL-UNNAMED --add-opens=java.base/java.lang.invoke=ALL-UNNAMED --add-opens=java.base/java.util=ALL-UNNAMED --add-opens=java.prefs/java.util.prefs=ALL-UNNAMED --add-exports=jdk.compiler/com.sun.tools.javac.api=ALL-UNNAMED --add-exports=jdk.compiler/com.sun.tools.javac.util=ALL-UNNAMED --add-opens=java.base/java.util=ALL-UNNAMED --add-opens=java.prefs/java.util.prefs=ALL-UNNAMED --add-opens=java.base/java.nio.charset=ALL-UNNAMED --add-opens=java.base/java.net=ALL-UNNAMED --add-opens=java.base/java.util.concurrent.atomic=ALL-UNNAMED --add-opens=java.xml/javax.xml.namespace=ALL-UNNAMED -XX:MaxMetaspaceSize=384m -XX:+HeapDumpOnOutOfMemoryError -Xms256m -Xmx512m -Dfile.encoding=UTF-8 -Duser.country=IN -Duser.language=en -Duser.variant -javaagent:C:\Users\91709\.gradle\wrapper\dists\gradle-8.13-bin\5xuhj0ry160q40clulazy9h7d\gradle-8.13\lib\agents\gradle-instrumentation-agent-8.13.jar org.gradle.launcher.daemon.bootstrap.GradleDaemon 8.13

Host: AMD Ryzen 5 3500U with Radeon Vega Mobile Gfx  , 8 cores, 5G,  Windows 10 , 64 bit Build 19041 (10.0.19041.5794)
Time: Sun May 18 17:29:38 2025 India Standard Time elapsed time: 940.750188 seconds (0d 0h 15m 40s)

---------------  T H R E A D  ---------------

Current thread (0x000001c17cb7a420):  JavaThread "C2 CompilerThread0" daemon [_thread_in_native, id=10848, stack(0x000000b523500000,0x000000b523600000)]


Current CompileTask:
C2: 940751 18162   !   4       io.spring.gradle.dependencymanagement.org.apache.maven.model.building.DefaultModelBuilder::importDependencyManagement (1104 bytes)

Stack: [0x000000b523500000,0x000000b523600000]
Native frames: (J=compiled Java code, j=interpreted, Vv=VM code, C=native code)
V  [jvm.dll+0x67a04a]
V  [jvm.dll+0x7da4ed]
V  [jvm.dll+0x7dbe33]
V  [jvm.dll+0x7dc4a3]
V  [jvm.dll+0x24508f]
V  [jvm.dll+0xab773]
V  [jvm.dll+0xabd3c]
V  [jvm.dll+0x361bee]
V  [jvm.dll+0x1ba45a]
V  [jvm.dll+0x216997]
V  [jvm.dll+0x215c6f]
V  [jvm.dll+0x1a2960]
V  [jvm.dll+0x22610b]
V  [jvm.dll+0x2242ab]
V  [jvm.dll+0x79075c]
V  [jvm.dll+0x78abea]
V  [jvm.dll+0x678f35]
C  [ucrtbase.dll+0x21bb2]
C  [KERNEL32.DLL+0x17374]
C  [ntdll.dll+0x4cc91]


---------------  P R O C E S S  ---------------

Threads class SMR info:
_java_thread_list=0x000001c11a8cf7d0, length=129, elements={
0x000001c16223eef0, 0x000001c17cb5bce0, 0x000001c17cb5cd70, 0x000001c17cb73030,
0x000001c17cb74e00, 0x000001c17cb757c0, 0x000001c17cb79680, 0x000001c17cb7a420,
0x000001c17cb82ee0, 0x000001c17cb964c0, 0x000001c17cda3d70, 0x000001c17cda2420,
0x000001c17cda0fe0, 0x000001c17cda14f0, 0x000001c17cda0ad0, 0x000001c17e8e3d10,
0x000001c17e8e23c0, 0x000001c17e8e0050, 0x000001c17e8e2de0, 0x000001c17e8e0560,
0x000001c17e8e5150, 0x000001c17e8e1490, 0x000001c17e8e4730, 0x000001c17e8e4c40,
0x000001c1196dc800, 0x000001c1196daeb0, 0x000001c1196d9f80, 0x000001c1196dcd10,
0x000001c1196dd220, 0x000001c11a4d51a0, 0x000001c11a4d7a20, 0x000001c11a4d56b0,
0x000001c11a4d8950, 0x000001c1196d8b40, 0x000001c17eb22cc0, 0x000001c17eb1f000,
0x000001c17e8e5b70, 0x000001c17e8df630, 0x000001c17e8e1eb0, 0x000001c17e8dfb40,
0x000001c17e8e6080, 0x000001c17e8e6590, 0x000001c17e8df120, 0x000001c17e8e6aa0,
0x000001c17e8e0f80, 0x000001c17e8e32f0, 0x000001c17e8e28d0, 0x000001c17e8e19a0,
0x000001c17e8e3800, 0x000001c17e8e4220, 0x000001c17f534890, 0x000001c17f534380,
0x000001c17f5301b0, 0x000001c17f533960, 0x000001c17f5357c0, 0x000001c17f5315f0,
0x000001c17f5306c0, 0x000001c17f5310e0, 0x000001c17f532f40, 0x000001c17f533450,
0x000001c17f535cd0, 0x000001c17f536c00, 0x000001c17f533e70, 0x000001c17f534da0,
0x000001c17f5352b0, 0x000001c17f531b00, 0x000001c17f532010, 0x000001c17f5366f0,
0x000001c17f537110, 0x000001c17f532520, 0x000001c17f532a30, 0x000001c17f52fca0,
0x000001c17eb23bf0, 0x000001c17eb20440, 0x000001c17eb1fa20, 0x000001c17eb1ff30,
0x000001c17eb231d0, 0x000001c17eb20950, 0x000001c17eb236e0, 0x000001c17eb24100,
0x000001c17eb20e60, 0x000001c17eb24610, 0x000001c17eb21370, 0x000001c17eb24b20,
0x000001c17eb25030, 0x000001c17eb25540, 0x000001c17eb1e0d0, 0x000001c17eb25a50,
0x000001c17eb21880, 0x000001c17eb1e5e0, 0x000001c17eb1eaf0, 0x000001c17eb21d90,
0x000001c11a4d8440, 0x000001c11a4d4c90, 0x000001c11a4d5bc0, 0x000001c11a4d8e60,
0x000001c11a4d60d0, 0x000001c11a4d9370, 0x000001c11a4d7f30, 0x000001c11a4d65e0,
0x000001c11a4d9880, 0x000001c11a4d7000, 0x000001c11a4d6af0, 0x000001c11a4d9d90,
0x000001c11a4da7b0, 0x000001c11a4dacc0, 0x000001c11a4db1d0, 0x000001c11a4d3d60,
0x000001c11a4db6e0, 0x000001c11a4d7510, 0x000001c11a4d4270, 0x000001c11a4d4780,
0x000001c1196da490, 0x000001c1196d7700, 0x000001c1196d9050, 0x000001c1196dd730,
0x000001c1196d6ce0, 0x000001c1196d8630, 0x000001c1196d8120, 0x000001c1196ddc40,
0x000001c1196de150, 0x000001c1196d71f0, 0x000001c1196dc2f0, 0x000001c1196de660,
0x000001c1196d7c10, 0x000001c1196d9560, 0x000001c1196d9a70, 0x000001c1196da9a0,
0x000001c1196db3c0
}

Java Threads: ( => current thread )
  0x000001c16223eef0 JavaThread "main" [_thread_blocked, id=5276, stack(0x000000b522800000,0x000000b522900000)]
  0x000001c17cb5bce0 JavaThread "Reference Handler" daemon [_thread_blocked, id=13168, stack(0x000000b522f00000,0x000000b523000000)]
  0x000001c17cb5cd70 JavaThread "Finalizer" daemon [_thread_blocked, id=9300, stack(0x000000b523000000,0x000000b523100000)]
  0x000001c17cb73030 JavaThread "Signal Dispatcher" daemon [_thread_blocked, id=18116, stack(0x000000b523100000,0x000000b523200000)]
  0x000001c17cb74e00 JavaThread "Attach Listener" daemon [_thread_blocked, id=17840, stack(0x000000b523200000,0x000000b523300000)]
  0x000001c17cb757c0 JavaThread "Service Thread" daemon [_thread_blocked, id=11940, stack(0x000000b523300000,0x000000b523400000)]
  0x000001c17cb79680 JavaThread "Monitor Deflation Thread" daemon [_thread_blocked, id=21208, stack(0x000000b523400000,0x000000b523500000)]
=>0x000001c17cb7a420 JavaThread "C2 CompilerThread0" daemon [_thread_in_native, id=10848, stack(0x000000b523500000,0x000000b523600000)]
  0x000001c17cb82ee0 JavaThread "C1 CompilerThread0" daemon [_thread_blocked, id=8496, stack(0x000000b523600000,0x000000b523700000)]
  0x000001c17cb964c0 JavaThread "Sweeper thread" daemon [_thread_blocked, id=20372, stack(0x000000b523700000,0x000000b523800000)]
  0x000001c17cda3d70 JavaThread "Common-Cleaner" daemon [_thread_blocked, id=9208, stack(0x000000b523800000,0x000000b523900000)]
  0x000001c17cda2420 JavaThread "Notification Thread" daemon [_thread_blocked, id=788, stack(0x000000b523900000,0x000000b523a00000)]
  0x000001c17cda0fe0 JavaThread "Daemon health stats" [_thread_blocked, id=15892, stack(0x000000b524000000,0x000000b524100000)]
  0x000001c17cda14f0 JavaThread "Incoming local TCP Connector on port 59176" [_thread_in_native, id=22108, stack(0x000000b524100000,0x000000b524200000)]
  0x000001c17cda0ad0 JavaThread "Daemon periodic checks" [_thread_blocked, id=1720, stack(0x000000b524200000,0x000000b524300000)]
  0x000001c17e8e3d10 JavaThread "Cache worker for journal cache (C:\Users\91709\.gradle\caches\journal-1)" [_thread_blocked, id=16036, stack(0x000000b524a00000,0x000000b524b00000)]
  0x000001c17e8e23c0 JavaThread "File lock request listener" [_thread_in_native, id=18040, stack(0x000000b524b00000,0x000000b524c00000)]
  0x000001c17e8e0050 JavaThread "Cache worker for file hash cache (C:\Users\91709\.gradle\caches\8.13\fileHashes)" [_thread_blocked, id=2064, stack(0x000000b524c00000,0x000000b524d00000)]
  0x000001c17e8e2de0 JavaThread "File watcher server" daemon [_thread_in_native, id=17524, stack(0x000000b525200000,0x000000b525300000)]
  0x000001c17e8e0560 JavaThread "File watcher consumer" daemon [_thread_blocked, id=13848, stack(0x000000b525300000,0x000000b525400000)]
  0x000001c17e8e5150 JavaThread "jar transforms" [_thread_blocked, id=11656, stack(0x000000b525400000,0x000000b525500000)]
  0x000001c17e8e1490 JavaThread "jar transforms Thread 2" [_thread_blocked, id=22464, stack(0x000000b525500000,0x000000b525600000)]
  0x000001c17e8e4730 JavaThread "Cache worker for file content cache (C:\Users\91709\.gradle\caches\8.13\fileContent)" [_thread_blocked, id=8184, stack(0x000000b525700000,0x000000b525800000)]
  0x000001c17e8e4c40 JavaThread "jar transforms Thread 3" [_thread_blocked, id=21920, stack(0x000000b525800000,0x000000b525900000)]
  0x000001c1196dc800 JavaThread "jar transforms Thread 4" [_thread_blocked, id=22280, stack(0x000000b526300000,0x000000b526400000)]
  0x000001c1196daeb0 JavaThread "jar transforms Thread 5" [_thread_blocked, id=20360, stack(0x000000b526400000,0x000000b526500000)]
  0x000001c1196d9f80 JavaThread "jar transforms Thread 6" [_thread_blocked, id=7072, stack(0x000000b526900000,0x000000b526a00000)]
  0x000001c1196dcd10 JavaThread "jar transforms Thread 7" [_thread_blocked, id=8660, stack(0x000000b526a00000,0x000000b526b00000)]
  0x000001c1196dd220 JavaThread "jar transforms Thread 8" [_thread_blocked, id=16156, stack(0x000000b526b00000,0x000000b526c00000)]
  0x000001c11a4d51a0 JavaThread "Memory manager" [_thread_blocked, id=21188, stack(0x000000b528200000,0x000000b528300000)]
  0x000001c11a4d7a20 JavaThread "ForkJoinPool.commonPool-worker-2" daemon [_thread_blocked, id=18188, stack(0x000000b528400000,0x000000b528500000)]
  0x000001c11a4d56b0 JavaThread "ForkJoinPool.commonPool-worker-3" daemon [_thread_blocked, id=20068, stack(0x000000b528500000,0x000000b528600000)]
  0x000001c11a4d8950 JavaThread "ForkJoinPool.commonPool-worker-5" daemon [_thread_blocked, id=1860, stack(0x000000b528700000,0x000000b528800000)]
  0x000001c1196d8b40 JavaThread "ForkJoinPool.commonPool-worker-8" daemon [_thread_blocked, id=17932, stack(0x000000b527400000,0x000000b527500000)]
  0x000001c17eb22cc0 JavaThread "ForkJoinPool.commonPool-worker-10" daemon [_thread_blocked, id=14512, stack(0x000000b527600000,0x000000b527700000)]
  0x000001c17eb1f000 JavaThread "ForkJoinPool.commonPool-worker-11" daemon [_thread_blocked, id=15112, stack(0x000000b527700000,0x000000b527800000)]
  0x000001c17e8e5b70 JavaThread "Daemon Thread 10" [_thread_blocked, id=3280, stack(0x000000b522500000,0x000000b522600000)]
  0x000001c17e8df630 JavaThread "Handler for socket connection from /127.0.0.1:59176 to /127.0.0.1:60348" [_thread_in_native, id=6684, stack(0x000000b522600000,0x000000b522700000)]
  0x000001c17e8e1eb0 JavaThread "Cancel handler" [_thread_blocked, id=8476, stack(0x000000b522700000,0x000000b522800000)]
  0x000001c17e8dfb40 JavaThread "Daemon worker Thread 5" [_thread_in_Java, id=11644, stack(0x000000b524300000,0x000000b524400000)]
  0x000001c17e8e6080 JavaThread "Asynchronous log dispatcher for DefaultDaemonConnection: socket connection from /127.0.0.1:59176 to /127.0.0.1:60348" [_thread_blocked, id=1384, stack(0x000000b524400000,0x000000b524500000)]
  0x000001c17e8e6590 JavaThread "Stdin handler" [_thread_blocked, id=11816, stack(0x000000b524500000,0x000000b524600000)]
  0x000001c17e8df120 JavaThread "Daemon client event forwarder" [_thread_blocked, id=17472, stack(0x000000b524600000,0x000000b524700000)]
  0x000001c17e8e6aa0 JavaThread "Cache worker for file hash cache (C:\Users\91709\IdeaProjects\IPL\.gradle\8.13\fileHashes)" [_thread_blocked, id=13236, stack(0x000000b524700000,0x000000b524800000)]
  0x000001c17e8e0f80 JavaThread "Cache worker for Build Output Cleanup Cache (C:\Users\91709\IdeaProjects\IPL\.gradle\buildOutputCleanup)" [_thread_blocked, id=14588, stack(0x000000b524800000,0x000000b524900000)]
  0x000001c17e8e32f0 JavaThread "Cache worker for checksums cache (C:\Users\91709\IdeaProjects\IPL\.gradle\8.13\checksums)" [_thread_blocked, id=13092, stack(0x000000b524900000,0x000000b524a00000)]
  0x000001c17e8e28d0 JavaThread "Cache worker for cache directory md-supplier (C:\Users\91709\.gradle\caches\8.13\md-supplier)" [_thread_blocked, id=2612, stack(0x000000b524d00000,0x000000b524e00000)]
  0x000001c17e8e19a0 JavaThread "Cache worker for cache directory md-rule (C:\Users\91709\.gradle\caches\8.13\md-rule)" [_thread_blocked, id=14224, stack(0x000000b524e00000,0x000000b524f00000)]
  0x000001c17e8e3800 JavaThread "Unconstrained build operations" [_thread_blocked, id=11060, stack(0x000000b525600000,0x000000b525700000)]
  0x000001c17e8e4220 JavaThread "Unconstrained build operations Thread 2" [_thread_blocked, id=20732, stack(0x000000b525900000,0x000000b525a00000)]
  0x000001c17f534890 JavaThread "Unconstrained build operations Thread 3" [_thread_blocked, id=9232, stack(0x000000b525a00000,0x000000b525b00000)]
  0x000001c17f534380 JavaThread "Unconstrained build operations Thread 4" [_thread_blocked, id=19712, stack(0x000000b525b00000,0x000000b525c00000)]
  0x000001c17f5301b0 JavaThread "Unconstrained build operations Thread 5" [_thread_blocked, id=3876, stack(0x000000b525c00000,0x000000b525d00000)]
  0x000001c17f533960 JavaThread "Unconstrained build operations Thread 6" [_thread_blocked, id=15736, stack(0x000000b525d00000,0x000000b525e00000)]
  0x000001c17f5357c0 JavaThread "Unconstrained build operations Thread 7" [_thread_blocked, id=12028, stack(0x000000b525e00000,0x000000b525f00000)]
  0x000001c17f5315f0 JavaThread "Unconstrained build operations Thread 8" [_thread_blocked, id=17484, stack(0x000000b525f00000,0x000000b526000000)]
  0x000001c17f5306c0 JavaThread "Unconstrained build operations Thread 9" [_thread_blocked, id=21264, stack(0x000000b526000000,0x000000b526100000)]
  0x000001c17f5310e0 JavaThread "Unconstrained build operations Thread 10" [_thread_blocked, id=14468, stack(0x000000b526100000,0x000000b526200000)]
  0x000001c17f532f40 JavaThread "Unconstrained build operations Thread 11" [_thread_blocked, id=12564, stack(0x000000b526200000,0x000000b526300000)]
  0x000001c17f533450 JavaThread "Unconstrained build operations Thread 12" [_thread_blocked, id=14456, stack(0x000000b526500000,0x000000b526600000)]
  0x000001c17f535cd0 JavaThread "Unconstrained build operations Thread 13" [_thread_blocked, id=13116, stack(0x000000b526600000,0x000000b526700000)]
  0x000001c17f536c00 JavaThread "Unconstrained build operations Thread 14" [_thread_blocked, id=11932, stack(0x000000b526700000,0x000000b526800000)]
  0x000001c17f533e70 JavaThread "Unconstrained build operations Thread 15" [_thread_blocked, id=8040, stack(0x000000b526800000,0x000000b526900000)]
  0x000001c17f534da0 JavaThread "Unconstrained build operations Thread 16" [_thread_blocked, id=11320, stack(0x000000b526c00000,0x000000b526d00000)]
  0x000001c17f5352b0 JavaThread "Unconstrained build operations Thread 17" [_thread_blocked, id=1524, stack(0x000000b526d00000,0x000000b526e00000)]
  0x000001c17f531b00 JavaThread "Unconstrained build operations Thread 18" [_thread_blocked, id=14524, stack(0x000000b526e00000,0x000000b526f00000)]
  0x000001c17f532010 JavaThread "Unconstrained build operations Thread 19" [_thread_blocked, id=11948, stack(0x000000b526f00000,0x000000b527000000)]
  0x000001c17f5366f0 JavaThread "Unconstrained build operations Thread 20" [_thread_blocked, id=21136, stack(0x000000b527000000,0x000000b527100000)]
  0x000001c17f537110 JavaThread "Unconstrained build operations Thread 21" [_thread_blocked, id=7284, stack(0x000000b527100000,0x000000b527200000)]
  0x000001c17f532520 JavaThread "Unconstrained build operations Thread 22" [_thread_blocked, id=3644, stack(0x000000b527200000,0x000000b527300000)]
  0x000001c17f532a30 JavaThread "ForkJoinPool.commonPool-worker-12" daemon [_thread_blocked, id=13296, stack(0x000000b527300000,0x000000b527400000)]
  0x000001c17f52fca0 JavaThread "Unconstrained build operations Thread 23" [_thread_blocked, id=17144, stack(0x000000b527500000,0x000000b527600000)]
  0x000001c17eb23bf0 JavaThread "Unconstrained build operations Thread 24" [_thread_blocked, id=17436, stack(0x000000b527800000,0x000000b527900000)]
  0x000001c17eb20440 JavaThread "Unconstrained build operations Thread 25" [_thread_blocked, id=5456, stack(0x000000b527900000,0x000000b527a00000)]
  0x000001c17eb1fa20 JavaThread "Unconstrained build operations Thread 26" [_thread_blocked, id=7004, stack(0x000000b527a00000,0x000000b527b00000)]
  0x000001c17eb1ff30 JavaThread "Unconstrained build operations Thread 27" [_thread_blocked, id=21332, stack(0x000000b527b00000,0x000000b527c00000)]
  0x000001c17eb231d0 JavaThread "Unconstrained build operations Thread 28" [_thread_blocked, id=19484, stack(0x000000b527c00000,0x000000b527d00000)]
  0x000001c17eb20950 JavaThread "Unconstrained build operations Thread 29" [_thread_blocked, id=17820, stack(0x000000b527d00000,0x000000b527e00000)]
  0x000001c17eb236e0 JavaThread "Unconstrained build operations Thread 30" [_thread_blocked, id=15848, stack(0x000000b527e00000,0x000000b527f00000)]
  0x000001c17eb24100 JavaThread "Unconstrained build operations Thread 31" [_thread_blocked, id=20476, stack(0x000000b527f00000,0x000000b528000000)]
  0x000001c17eb20e60 JavaThread "Unconstrained build operations Thread 32" [_thread_blocked, id=3872, stack(0x000000b528000000,0x000000b528100000)]
  0x000001c17eb24610 JavaThread "Unconstrained build operations Thread 33" [_thread_blocked, id=17380, stack(0x000000b528300000,0x000000b528400000)]
  0x000001c17eb21370 JavaThread "Unconstrained build operations Thread 34" [_thread_blocked, id=19584, stack(0x000000b528600000,0x000000b528700000)]
  0x000001c17eb24b20 JavaThread "Unconstrained build operations Thread 35" [_thread_blocked, id=3208, stack(0x000000b528800000,0x000000b528900000)]
  0x000001c17eb25030 JavaThread "Unconstrained build operations Thread 36" [_thread_blocked, id=5492, stack(0x000000b528900000,0x000000b528a00000)]
  0x000001c17eb25540 JavaThread "Unconstrained build operations Thread 37" [_thread_blocked, id=4008, stack(0x000000b528a00000,0x000000b528b00000)]
  0x000001c17eb1e0d0 JavaThread "Unconstrained build operations Thread 38" [_thread_blocked, id=2076, stack(0x000000b528b00000,0x000000b528c00000)]
  0x000001c17eb25a50 JavaThread "Unconstrained build operations Thread 39" [_thread_blocked, id=6720, stack(0x000000b528c00000,0x000000b528d00000)]
  0x000001c17eb21880 JavaThread "Unconstrained build operations Thread 40" [_thread_blocked, id=14572, stack(0x000000b528d00000,0x000000b528e00000)]
  0x000001c17eb1e5e0 JavaThread "Unconstrained build operations Thread 41" [_thread_blocked, id=15904, stack(0x000000b528e00000,0x000000b528f00000)]
  0x000001c17eb1eaf0 JavaThread "Unconstrained build operations Thread 42" [_thread_blocked, id=10176, stack(0x000000b528f00000,0x000000b529000000)]
  0x000001c17eb21d90 JavaThread "Unconstrained build operations Thread 43" [_thread_blocked, id=12428, stack(0x000000b529000000,0x000000b529100000)]
  0x000001c11a4d8440 JavaThread "Unconstrained build operations Thread 44" [_thread_blocked, id=20756, stack(0x000000b529100000,0x000000b529200000)]
  0x000001c11a4d4c90 JavaThread "Unconstrained build operations Thread 45" [_thread_blocked, id=21180, stack(0x000000b529200000,0x000000b529300000)]
  0x000001c11a4d5bc0 JavaThread "Unconstrained build operations Thread 46" [_thread_blocked, id=17892, stack(0x000000b529300000,0x000000b529400000)]
  0x000001c11a4d8e60 JavaThread "Unconstrained build operations Thread 47" [_thread_blocked, id=5180, stack(0x000000b529400000,0x000000b529500000)]
  0x000001c11a4d60d0 JavaThread "Unconstrained build operations Thread 48" [_thread_blocked, id=21412, stack(0x000000b529500000,0x000000b529600000)]
  0x000001c11a4d9370 JavaThread "Unconstrained build operations Thread 49" [_thread_blocked, id=10320, stack(0x000000b529600000,0x000000b529700000)]
  0x000001c11a4d7f30 JavaThread "Unconstrained build operations Thread 50" [_thread_blocked, id=7764, stack(0x000000b529700000,0x000000b529800000)]
  0x000001c11a4d65e0 JavaThread "Unconstrained build operations Thread 51" [_thread_blocked, id=19024, stack(0x000000b529800000,0x000000b529900000)]
  0x000001c11a4d9880 JavaThread "Unconstrained build operations Thread 52" [_thread_blocked, id=18872, stack(0x000000b529900000,0x000000b529a00000)]
  0x000001c11a4d7000 JavaThread "Unconstrained build operations Thread 53" [_thread_blocked, id=11840, stack(0x000000b529a00000,0x000000b529b00000)]
  0x000001c11a4d6af0 JavaThread "Unconstrained build operations Thread 54" [_thread_blocked, id=2784, stack(0x000000b529b00000,0x000000b529c00000)]
  0x000001c11a4d9d90 JavaThread "Unconstrained build operations Thread 55" [_thread_blocked, id=21596, stack(0x000000b529c00000,0x000000b529d00000)]
  0x000001c11a4da7b0 JavaThread "Unconstrained build operations Thread 56" [_thread_blocked, id=4776, stack(0x000000b529d00000,0x000000b529e00000)]
  0x000001c11a4dacc0 JavaThread "Unconstrained build operations Thread 57" [_thread_blocked, id=22236, stack(0x000000b529e00000,0x000000b529f00000)]
  0x000001c11a4db1d0 JavaThread "Unconstrained build operations Thread 58" [_thread_blocked, id=7532, stack(0x000000b529f00000,0x000000b52a000000)]
  0x000001c11a4d3d60 JavaThread "Unconstrained build operations Thread 59" [_thread_blocked, id=17040, stack(0x000000b52a000000,0x000000b52a100000)]
  0x000001c11a4db6e0 JavaThread "Unconstrained build operations Thread 60" [_thread_blocked, id=14808, stack(0x000000b52a100000,0x000000b52a200000)]
  0x000001c11a4d7510 JavaThread "Unconstrained build operations Thread 61" [_thread_blocked, id=1668, stack(0x000000b52a200000,0x000000b52a300000)]
  0x000001c11a4d4270 JavaThread "Unconstrained build operations Thread 62" [_thread_blocked, id=280, stack(0x000000b52a300000,0x000000b52a400000)]
  0x000001c11a4d4780 JavaThread "Unconstrained build operations Thread 63" [_thread_blocked, id=16756, stack(0x000000b52a400000,0x000000b52a500000)]
  0x000001c1196da490 JavaThread "Unconstrained build operations Thread 64" [_thread_blocked, id=1036, stack(0x000000b52a500000,0x000000b52a600000)]
  0x000001c1196d7700 JavaThread "Unconstrained build operations Thread 65" [_thread_blocked, id=19000, stack(0x000000b52a600000,0x000000b52a700000)]
  0x000001c1196d9050 JavaThread "Unconstrained build operations Thread 66" [_thread_blocked, id=21624, stack(0x000000b52a700000,0x000000b52a800000)]
  0x000001c1196dd730 JavaThread "Unconstrained build operations Thread 67" [_thread_blocked, id=22244, stack(0x000000b52a800000,0x000000b52a900000)]
  0x000001c1196d6ce0 JavaThread "Unconstrained build operations Thread 68" [_thread_blocked, id=6512, stack(0x000000b52a900000,0x000000b52aa00000)]
  0x000001c1196d8630 JavaThread "Unconstrained build operations Thread 69" [_thread_blocked, id=22368, stack(0x000000b52aa00000,0x000000b52ab00000)]
  0x000001c1196d8120 JavaThread "Unconstrained build operations Thread 70" [_thread_blocked, id=11240, stack(0x000000b52ab00000,0x000000b52ac00000)]
  0x000001c1196ddc40 JavaThread "Unconstrained build operations Thread 71" [_thread_blocked, id=5464, stack(0x000000b52ac00000,0x000000b52ad00000)]
  0x000001c1196de150 JavaThread "Unconstrained build operations Thread 72" [_thread_blocked, id=10048, stack(0x000000b52ad00000,0x000000b52ae00000)]
  0x000001c1196d71f0 JavaThread "Unconstrained build operations Thread 73" [_thread_blocked, id=21864, stack(0x000000b52ae00000,0x000000b52af00000)]
  0x000001c1196dc2f0 JavaThread "Unconstrained build operations Thread 74" [_thread_blocked, id=13360, stack(0x000000b52af00000,0x000000b52b000000)]
  0x000001c1196de660 JavaThread "Unconstrained build operations Thread 75" [_thread_blocked, id=580, stack(0x000000b52b000000,0x000000b52b100000)]
  0x000001c1196d7c10 JavaThread "Unconstrained build operations Thread 76" [_thread_blocked, id=16204, stack(0x000000b52b100000,0x000000b52b200000)]
  0x000001c1196d9560 JavaThread "Unconstrained build operations Thread 77" [_thread_blocked, id=3804, stack(0x000000b52b200000,0x000000b52b300000)]
  0x000001c1196d9a70 JavaThread "Unconstrained build operations Thread 78" [_thread_blocked, id=13448, stack(0x000000b52b300000,0x000000b52b400000)]
  0x000001c1196da9a0 JavaThread "Unconstrained build operations Thread 79" [_thread_blocked, id=13184, stack(0x000000b52b400000,0x000000b52b500000)]
  0x000001c1196db3c0 JavaThread "Unconstrained build operations Thread 80" [_thread_blocked, id=20212, stack(0x000000b52b500000,0x000000b52b600000)]

Other Threads:
  0x000001c17cb571a0 VMThread "VM Thread" [stack: 0x000000b522e00000,0x000000b522f00000] [id=19588]
  0x000001c16227a830 WatcherThread [stack: 0x000000b523a00000,0x000000b523b00000] [id=21812]
  0x000001c16226dd90 GCTaskThread "GC Thread#0" [stack: 0x000000b522900000,0x000000b522a00000] [id=21016]
  0x000001c17d1c9b30 GCTaskThread "GC Thread#1" [stack: 0x000000b523b00000,0x000000b523c00000] [id=20664]
  0x000001c17d0a7bf0 GCTaskThread "GC Thread#2" [stack: 0x000000b523c00000,0x000000b523d00000] [id=14484]
  0x000001c17d09ccb0 GCTaskThread "GC Thread#3" [stack: 0x000000b523d00000,0x000000b523e00000] [id=8504]
  0x000001c17d09cf70 GCTaskThread "GC Thread#4" [stack: 0x000000b523e00000,0x000000b523f00000] [id=14176]
  0x000001c17d09d230 GCTaskThread "GC Thread#5" [stack: 0x000000b523f00000,0x000000b524000000] [id=4092]
  0x000001c17ee4c800 GCTaskThread "GC Thread#6" [stack: 0x000000b524f00000,0x000000b525000000] [id=9644]
  0x000001c17ee4c280 GCTaskThread "GC Thread#7" [stack: 0x000000b525000000,0x000000b525100000] [id=17372]
  0x000001c162272cb0 ConcurrentGCThread "G1 Main Marker" [stack: 0x000000b522a00000,0x000000b522b00000] [id=8704]
  0x000001c162273d60 ConcurrentGCThread "G1 Conc#0" [stack: 0x000000b522b00000,0x000000b522c00000] [id=6992]
  0x000001c17ee4af40 ConcurrentGCThread "G1 Conc#1" [stack: 0x000000b525100000,0x000000b525200000] [id=8772]
  0x000001c16230dce0 ConcurrentGCThread "G1 Refine#0" [stack: 0x000000b522c00000,0x000000b522d00000] [id=19616]
  0x000001c119d7c8a0 ConcurrentGCThread "G1 Refine#1" [stack: 0x000000b528100000,0x000000b528200000] [id=21656]
  0x000001c119d2e880 ConcurrentGCThread "G1 Refine#2" [stack: 0x000000b52b900000,0x000000b52ba00000] [id=260]
  0x000001c17f0cbd60 ConcurrentGCThread "G1 Refine#3" [stack: 0x000000b52ba00000,0x000000b52bb00000] [id=4416]
  0x000001c17ca1bb70 ConcurrentGCThread "G1 Service" [stack: 0x000000b522d00000,0x000000b522e00000] [id=10480]

Threads with active compile tasks:
C2 CompilerThread0   940987 18162   !   4       io.spring.gradle.dependencymanagement.org.apache.maven.model.building.DefaultModelBuilder::importDependencyManagement (1104 bytes)

VM state: not at safepoint (normal execution)

VM Mutex/Monitor currently owned by a thread: None

Heap address: 0x00000000e0000000, size: 512 MB, Compressed Oops mode: 32-bit

CDS archive(s) mapped at: [0x000001c100000000-0x000001c100bd0000-0x000001c100bd0000), size 12386304, SharedBaseAddress: 0x000001c100000000, ArchiveRelocationMode: 1.
Compressed class space mapped at: 0x000001c101000000-0x000001c115000000, reserved size: 335544320
Narrow klass base: 0x000001c100000000, Narrow klass shift: 0, Narrow klass range: 0x100000000

GC Precious Log:
 CPUs: 8 total, 8 available
 Memory: 6018M
 Large Page Support: Disabled
 NUMA Support: Disabled
 Compressed Oops: Enabled (32-bit)
 Heap Region Size: 1M
 Heap Min Capacity: 256M
 Heap Initial Capacity: 256M
 Heap Max Capacity: 512M
 Pre-touch: Disabled
 Parallel Workers: 8
 Concurrent Workers: 2
 Concurrent Refinement Workers: 8
 Periodic GC: Disabled

Heap:
 garbage-first heap   total 262144K, used 149075K [0x00000000e0000000, 0x0000000100000000)
  region size 1024K, 101 young (103424K), 7 survivors (7168K)
 Metaspace       used 65242K, committed 66560K, reserved 393216K
  class space    used 8836K, committed 9472K, reserved 327680K

Heap Regions: E=young(eden), S=young(survivor), O=old, HS=humongous(starts), HC=humongous(continues), CS=collection set, F=free, OA=open archive, CA=closed archive, TAMS=top-at-mark-start (previous, next)
|   0|0x00000000e0000000, 0x00000000e0100000, 0x00000000e0100000|100%|HS|  |TAMS 0x00000000e0100000, 0x00000000e0000000| Complete 
|   1|0x00000000e0100000, 0x00000000e0200000, 0x00000000e0200000|100%|HC|  |TAMS 0x00000000e0200000, 0x00000000e0100000| Complete 
|   2|0x00000000e0200000, 0x00000000e0300000, 0x00000000e0300000|100%|HC|  |TAMS 0x00000000e0300000, 0x00000000e0200000| Complete 
|   3|0x00000000e0300000, 0x00000000e0400000, 0x00000000e0400000|100%| O|  |TAMS 0x00000000e0400000, 0x00000000e0300000| Untracked 
|   4|0x00000000e0400000, 0x00000000e0500000, 0x00000000e0500000|100%| O|  |TAMS 0x00000000e0500000, 0x00000000e0400000| Untracked 
|   5|0x00000000e0500000, 0x00000000e0600000, 0x00000000e0600000|100%| O|  |TAMS 0x00000000e0600000, 0x00000000e0500000| Untracked 
|   6|0x00000000e0600000, 0x00000000e0700000, 0x00000000e0700000|100%|HS|  |TAMS 0x00000000e0700000, 0x00000000e0600000| Complete 
|   7|0x00000000e0700000, 0x00000000e0800000, 0x00000000e0800000|100%| O|  |TAMS 0x00000000e0800000, 0x00000000e0700000| Untracked 
|   8|0x00000000e0800000, 0x00000000e0900000, 0x00000000e0900000|100%| O|  |TAMS 0x00000000e0900000, 0x00000000e0800000| Untracked 
|   9|0x00000000e0900000, 0x00000000e0a00000, 0x00000000e0a00000|100%| O|  |TAMS 0x00000000e0a00000, 0x00000000e0900000| Untracked 
|  10|0x00000000e0a00000, 0x00000000e0b00000, 0x00000000e0b00000|100%| O|  |TAMS 0x00000000e0b00000, 0x00000000e0a00000| Untracked 
|  11|0x00000000e0b00000, 0x00000000e0c00000, 0x00000000e0c00000|100%| O|  |TAMS 0x00000000e0c00000, 0x00000000e0b00000| Untracked 
|  12|0x00000000e0c00000, 0x00000000e0d00000, 0x00000000e0d00000|100%| O|  |TAMS 0x00000000e0d00000, 0x00000000e0c00000| Untracked 
|  13|0x00000000e0d00000, 0x00000000e0e00000, 0x00000000e0e00000|100%| O|  |TAMS 0x00000000e0e00000, 0x00000000e0d00000| Untracked 
|  14|0x00000000e0e00000, 0x00000000e0f00000, 0x00000000e0f00000|100%| O|  |TAMS 0x00000000e0f00000, 0x00000000e0e00000| Untracked 
|  15|0x00000000e0f00000, 0x00000000e1000000, 0x00000000e1000000|100%| O|  |TAMS 0x00000000e1000000, 0x00000000e0f00000| Untracked 
|  16|0x00000000e1000000, 0x00000000e1100000, 0x00000000e1100000|100%| O|  |TAMS 0x00000000e1100000, 0x00000000e1000000| Untracked 
|  17|0x00000000e1100000, 0x00000000e1200000, 0x00000000e1200000|100%| O|  |TAMS 0x00000000e1200000, 0x00000000e1100000| Untracked 
|  18|0x00000000e1200000, 0x00000000e1300000, 0x00000000e1300000|100%| O|  |TAMS 0x00000000e1300000, 0x00000000e1200000| Untracked 
|  19|0x00000000e1300000, 0x00000000e1400000, 0x00000000e1400000|100%| O|  |TAMS 0x00000000e1400000, 0x00000000e1300000| Untracked 
|  20|0x00000000e1400000, 0x00000000e1500000, 0x00000000e1500000|100%| O|  |TAMS 0x00000000e1500000, 0x00000000e1400000| Untracked 
|  21|0x00000000e1500000, 0x00000000e1600000, 0x00000000e1600000|100%| O|  |TAMS 0x00000000e1600000, 0x00000000e1500000| Untracked 
|  22|0x00000000e1600000, 0x00000000e1700000, 0x00000000e1700000|100%| O|  |TAMS 0x00000000e1700000, 0x00000000e1600000| Untracked 
|  23|0x00000000e1700000, 0x00000000e1800000, 0x00000000e1800000|100%| O|  |TAMS 0x00000000e1800000, 0x00000000e1700000| Untracked 
|  24|0x00000000e1800000, 0x00000000e1900000, 0x00000000e1900000|100%| O|  |TAMS 0x00000000e1900000, 0x00000000e1800000| Untracked 
|  25|0x00000000e1900000, 0x00000000e1a00000, 0x00000000e1a00000|100%| O|  |TAMS 0x00000000e1a00000, 0x00000000e1900000| Untracked 
|  26|0x00000000e1a00000, 0x00000000e1b00000, 0x00000000e1b00000|100%| O|  |TAMS 0x00000000e1b00000, 0x00000000e1a00000| Untracked 
|  27|0x00000000e1b00000, 0x00000000e1c00000, 0x00000000e1c00000|100%| O|  |TAMS 0x00000000e1c00000, 0x00000000e1b00000| Untracked 
|  28|0x00000000e1c00000, 0x00000000e1d00000, 0x00000000e1d00000|100%| O|  |TAMS 0x00000000e1d00000, 0x00000000e1c00000| Untracked 
|  29|0x00000000e1d00000, 0x00000000e1e00000, 0x00000000e1e00000|100%| O|  |TAMS 0x00000000e1e00000, 0x00000000e1d00000| Untracked 
|  30|0x00000000e1e00000, 0x00000000e1f00000, 0x00000000e1f00000|100%| O|  |TAMS 0x00000000e1eee000, 0x00000000e1e00000| Untracked 
|  31|0x00000000e1f00000, 0x00000000e2000000, 0x00000000e2000000|100%| O|  |TAMS 0x00000000e1f00000, 0x00000000e1f00000| Untracked 
|  32|0x00000000e2000000, 0x00000000e2100000, 0x00000000e2100000|100%| O|  |TAMS 0x00000000e2000000, 0x00000000e2000000| Untracked 
|  33|0x00000000e2100000, 0x00000000e2200000, 0x00000000e2200000|100%| O|  |TAMS 0x00000000e2100000, 0x00000000e2100000| Untracked 
|  34|0x00000000e2200000, 0x00000000e2300000, 0x00000000e2300000|100%| O|  |TAMS 0x00000000e2200000, 0x00000000e2200000| Untracked 
|  35|0x00000000e2300000, 0x00000000e2400000, 0x00000000e2400000|100%| O|  |TAMS 0x00000000e2300000, 0x00000000e2300000| Untracked 
|  36|0x00000000e2400000, 0x00000000e2500000, 0x00000000e2500000|100%| O|  |TAMS 0x00000000e2400000, 0x00000000e2400000| Untracked 
|  37|0x00000000e2500000, 0x00000000e2600000, 0x00000000e2600000|100%| O|  |TAMS 0x00000000e2500000, 0x00000000e2500000| Untracked 
|  38|0x00000000e2600000, 0x00000000e2700000, 0x00000000e2700000|100%| O|  |TAMS 0x00000000e2600000, 0x00000000e2600000| Untracked 
|  39|0x00000000e2700000, 0x00000000e2800000, 0x00000000e2800000|100%| O|  |TAMS 0x00000000e2700000, 0x00000000e2700000| Untracked 
|  40|0x00000000e2800000, 0x00000000e2900000, 0x00000000e2900000|100%| O|  |TAMS 0x00000000e2800000, 0x00000000e2800000| Untracked 
|  41|0x00000000e2900000, 0x00000000e2a00000, 0x00000000e2a00000|100%| O|  |TAMS 0x00000000e2900000, 0x00000000e2900000| Untracked 
|  42|0x00000000e2a00000, 0x00000000e2b00000, 0x00000000e2b00000|100%| O|  |TAMS 0x00000000e2a00000, 0x00000000e2a00000| Untracked 
|  43|0x00000000e2b00000, 0x00000000e2c00000, 0x00000000e2c00000|100%| O|  |TAMS 0x00000000e2b00000, 0x00000000e2b00000| Untracked 
|  44|0x00000000e2c00000, 0x00000000e2d00000, 0x00000000e2d00000|100%| O|  |TAMS 0x00000000e2c00000, 0x00000000e2c00000| Untracked 
|  45|0x00000000e2d00000, 0x00000000e2e00000, 0x00000000e2e00000|100%| O|  |TAMS 0x00000000e2d00000, 0x00000000e2d00000| Untracked 
|  46|0x00000000e2e00000, 0x00000000e2ec6400, 0x00000000e2f00000| 77%| O|  |TAMS 0x00000000e2e00000, 0x00000000e2e00000| Untracked 
|  47|0x00000000e2f00000, 0x00000000e2f00000, 0x00000000e3000000|  0%| F|  |TAMS 0x00000000e2f00000, 0x00000000e2f00000| Untracked 
|  48|0x00000000e3000000, 0x00000000e3000000, 0x00000000e3100000|  0%| F|  |TAMS 0x00000000e3000000, 0x00000000e3000000| Untracked 
|  49|0x00000000e3100000, 0x00000000e3100000, 0x00000000e3200000|  0%| F|  |TAMS 0x00000000e3100000, 0x00000000e3100000| Untracked 
|  50|0x00000000e3200000, 0x00000000e3200000, 0x00000000e3300000|  0%| F|  |TAMS 0x00000000e3200000, 0x00000000e3200000| Untracked 
|  51|0x00000000e3300000, 0x00000000e3300000, 0x00000000e3400000|  0%| F|  |TAMS 0x00000000e3300000, 0x00000000e3300000| Untracked 
|  52|0x00000000e3400000, 0x00000000e3400000, 0x00000000e3500000|  0%| F|  |TAMS 0x00000000e3400000, 0x00000000e3400000| Untracked 
|  53|0x00000000e3500000, 0x00000000e3500000, 0x00000000e3600000|  0%| F|  |TAMS 0x00000000e3500000, 0x00000000e3500000| Untracked 
|  54|0x00000000e3600000, 0x00000000e3600000, 0x00000000e3700000|  0%| F|  |TAMS 0x00000000e3600000, 0x00000000e3600000| Untracked 
|  55|0x00000000e3700000, 0x00000000e3700000, 0x00000000e3800000|  0%| F|  |TAMS 0x00000000e3700000, 0x00000000e3700000| Untracked 
|  56|0x00000000e3800000, 0x00000000e3800000, 0x00000000e3900000|  0%| F|  |TAMS 0x00000000e3800000, 0x00000000e3800000| Untracked 
|  57|0x00000000e3900000, 0x00000000e3900000, 0x00000000e3a00000|  0%| F|  |TAMS 0x00000000e3900000, 0x00000000e3900000| Untracked 
|  58|0x00000000e3a00000, 0x00000000e3a00000, 0x00000000e3b00000|  0%| F|  |TAMS 0x00000000e3a00000, 0x00000000e3a00000| Untracked 
|  59|0x00000000e3b00000, 0x00000000e3b00000, 0x00000000e3c00000|  0%| F|  |TAMS 0x00000000e3b00000, 0x00000000e3b00000| Untracked 
|  60|0x00000000e3c00000, 0x00000000e3c00000, 0x00000000e3d00000|  0%| F|  |TAMS 0x00000000e3c00000, 0x00000000e3c00000| Untracked 
|  61|0x00000000e3d00000, 0x00000000e3d00000, 0x00000000e3e00000|  0%| F|  |TAMS 0x00000000e3d00000, 0x00000000e3d00000| Untracked 
|  62|0x00000000e3e00000, 0x00000000e3e00000, 0x00000000e3f00000|  0%| F|  |TAMS 0x00000000e3e00000, 0x00000000e3e00000| Untracked 
|  63|0x00000000e3f00000, 0x00000000e3f00000, 0x00000000e4000000|  0%| F|  |TAMS 0x00000000e3f00000, 0x00000000e3f00000| Untracked 
|  64|0x00000000e4000000, 0x00000000e4000000, 0x00000000e4100000|  0%| F|  |TAMS 0x00000000e4000000, 0x00000000e4000000| Untracked 
|  65|0x00000000e4100000, 0x00000000e4100000, 0x00000000e4200000|  0%| F|  |TAMS 0x00000000e4100000, 0x00000000e4100000| Untracked 
|  66|0x00000000e4200000, 0x00000000e4200000, 0x00000000e4300000|  0%| F|  |TAMS 0x00000000e4200000, 0x00000000e4200000| Untracked 
|  67|0x00000000e4300000, 0x00000000e4300000, 0x00000000e4400000|  0%| F|  |TAMS 0x00000000e4300000, 0x00000000e4300000| Untracked 
|  68|0x00000000e4400000, 0x00000000e4400000, 0x00000000e4500000|  0%| F|  |TAMS 0x00000000e4400000, 0x00000000e4400000| Untracked 
|  69|0x00000000e4500000, 0x00000000e4500000, 0x00000000e4600000|  0%| F|  |TAMS 0x00000000e4500000, 0x00000000e4500000| Untracked 
|  70|0x00000000e4600000, 0x00000000e4600000, 0x00000000e4700000|  0%| F|  |TAMS 0x00000000e4600000, 0x00000000e4600000| Untracked 
|  71|0x00000000e4700000, 0x00000000e4700000, 0x00000000e4800000|  0%| F|  |TAMS 0x00000000e4700000, 0x00000000e4700000| Untracked 
|  72|0x00000000e4800000, 0x00000000e4800000, 0x00000000e4900000|  0%| F|  |TAMS 0x00000000e4800000, 0x00000000e4800000| Untracked 
|  73|0x00000000e4900000, 0x00000000e4900000, 0x00000000e4a00000|  0%| F|  |TAMS 0x00000000e4900000, 0x00000000e4900000| Untracked 
|  74|0x00000000e4a00000, 0x00000000e4a00000, 0x00000000e4b00000|  0%| F|  |TAMS 0x00000000e4a00000, 0x00000000e4a00000| Untracked 
|  75|0x00000000e4b00000, 0x00000000e4b00000, 0x00000000e4c00000|  0%| F|  |TAMS 0x00000000e4b00000, 0x00000000e4b00000| Untracked 
|  76|0x00000000e4c00000, 0x00000000e4c00000, 0x00000000e4d00000|  0%| F|  |TAMS 0x00000000e4c00000, 0x00000000e4c00000| Untracked 
|  77|0x00000000e4d00000, 0x00000000e4d00000, 0x00000000e4e00000|  0%| F|  |TAMS 0x00000000e4d00000, 0x00000000e4d00000| Untracked 
|  78|0x00000000e4e00000, 0x00000000e4e00000, 0x00000000e4f00000|  0%| F|  |TAMS 0x00000000e4e00000, 0x00000000e4e00000| Untracked 
|  79|0x00000000e4f00000, 0x00000000e4f00000, 0x00000000e5000000|  0%| F|  |TAMS 0x00000000e4f00000, 0x00000000e4f00000| Untracked 
|  80|0x00000000e5000000, 0x00000000e5000000, 0x00000000e5100000|  0%| F|  |TAMS 0x00000000e5000000, 0x00000000e5000000| Untracked 
|  81|0x00000000e5100000, 0x00000000e5100000, 0x00000000e5200000|  0%| F|  |TAMS 0x00000000e5100000, 0x00000000e5100000| Untracked 
|  82|0x00000000e5200000, 0x00000000e5200000, 0x00000000e5300000|  0%| F|  |TAMS 0x00000000e5200000, 0x00000000e5200000| Untracked 
|  83|0x00000000e5300000, 0x00000000e5300000, 0x00000000e5400000|  0%| F|  |TAMS 0x00000000e5300000, 0x00000000e5300000| Untracked 
|  84|0x00000000e5400000, 0x00000000e5400000, 0x00000000e5500000|  0%| F|  |TAMS 0x00000000e5400000, 0x00000000e5400000| Untracked 
|  85|0x00000000e5500000, 0x00000000e5500000, 0x00000000e5600000|  0%| F|  |TAMS 0x00000000e5500000, 0x00000000e5500000| Untracked 
|  86|0x00000000e5600000, 0x00000000e5600000, 0x00000000e5700000|  0%| F|  |TAMS 0x00000000e5600000, 0x00000000e5600000| Untracked 
|  87|0x00000000e5700000, 0x00000000e5700000, 0x00000000e5800000|  0%| F|  |TAMS 0x00000000e5700000, 0x00000000e5700000| Untracked 
|  88|0x00000000e5800000, 0x00000000e5800000, 0x00000000e5900000|  0%| F|  |TAMS 0x00000000e5800000, 0x00000000e5800000| Untracked 
|  89|0x00000000e5900000, 0x00000000e5900000, 0x00000000e5a00000|  0%| F|  |TAMS 0x00000000e5900000, 0x00000000e5900000| Untracked 
|  90|0x00000000e5a00000, 0x00000000e5a00000, 0x00000000e5b00000|  0%| F|  |TAMS 0x00000000e5a00000, 0x00000000e5a00000| Untracked 
|  91|0x00000000e5b00000, 0x00000000e5b00000, 0x00000000e5c00000|  0%| F|  |TAMS 0x00000000e5b00000, 0x00000000e5b00000| Untracked 
|  92|0x00000000e5c00000, 0x00000000e5c00000, 0x00000000e5d00000|  0%| F|  |TAMS 0x00000000e5c00000, 0x00000000e5c00000| Untracked 
|  93|0x00000000e5d00000, 0x00000000e5d00000, 0x00000000e5e00000|  0%| F|  |TAMS 0x00000000e5d00000, 0x00000000e5d00000| Untracked 
|  94|0x00000000e5e00000, 0x00000000e5e00000, 0x00000000e5f00000|  0%| F|  |TAMS 0x00000000e5e00000, 0x00000000e5e00000| Untracked 
|  95|0x00000000e5f00000, 0x00000000e5f00000, 0x00000000e6000000|  0%| F|  |TAMS 0x00000000e5f00000, 0x00000000e5f00000| Untracked 
|  96|0x00000000e6000000, 0x00000000e60ce918, 0x00000000e6100000| 80%| S|CS|TAMS 0x00000000e6000000, 0x00000000e6000000| Complete 
|  97|0x00000000e6100000, 0x00000000e6100000, 0x00000000e6200000|  0%| F|  |TAMS 0x00000000e6100000, 0x00000000e6100000| Untracked 
|  98|0x00000000e6200000, 0x00000000e6200000, 0x00000000e6300000|  0%| F|  |TAMS 0x00000000e6200000, 0x00000000e6200000| Untracked 
|  99|0x00000000e6300000, 0x00000000e6300000, 0x00000000e6400000|  0%| F|  |TAMS 0x00000000e6300000, 0x00000000e6300000| Untracked 
| 100|0x00000000e6400000, 0x00000000e6400000, 0x00000000e6500000|  0%| F|  |TAMS 0x00000000e6400000, 0x00000000e6400000| Untracked 
| 101|0x00000000e6500000, 0x00000000e6500000, 0x00000000e6600000|  0%| F|  |TAMS 0x00000000e6500000, 0x00000000e6500000| Untracked 
| 102|0x00000000e6600000, 0x00000000e6600000, 0x00000000e6700000|  0%| F|  |TAMS 0x00000000e6600000, 0x00000000e6600000| Untracked 
| 103|0x00000000e6700000, 0x00000000e6800000, 0x00000000e6800000|100%| S|CS|TAMS 0x00000000e6700000, 0x00000000e6700000| Complete 
| 104|0x00000000e6800000, 0x00000000e6900000, 0x00000000e6900000|100%| S|CS|TAMS 0x00000000e6800000, 0x00000000e6800000| Complete 
| 105|0x00000000e6900000, 0x00000000e6a00000, 0x00000000e6a00000|100%| S|CS|TAMS 0x00000000e6900000, 0x00000000e6900000| Complete 
| 106|0x00000000e6a00000, 0x00000000e6b00000, 0x00000000e6b00000|100%| S|CS|TAMS 0x00000000e6a00000, 0x00000000e6a00000| Complete 
| 107|0x00000000e6b00000, 0x00000000e6c00000, 0x00000000e6c00000|100%| S|CS|TAMS 0x00000000e6b00000, 0x00000000e6b00000| Complete 
| 108|0x00000000e6c00000, 0x00000000e6d00000, 0x00000000e6d00000|100%| S|CS|TAMS 0x00000000e6c00000, 0x00000000e6c00000| Complete 
| 109|0x00000000e6d00000, 0x00000000e6d00000, 0x00000000e6e00000|  0%| F|  |TAMS 0x00000000e6d00000, 0x00000000e6d00000| Untracked 
| 110|0x00000000e6e00000, 0x00000000e6e00000, 0x00000000e6f00000|  0%| F|  |TAMS 0x00000000e6e00000, 0x00000000e6e00000| Untracked 
| 111|0x00000000e6f00000, 0x00000000e6f00000, 0x00000000e7000000|  0%| F|  |TAMS 0x00000000e6f00000, 0x00000000e6f00000| Untracked 
| 112|0x00000000e7000000, 0x00000000e7000000, 0x00000000e7100000|  0%| F|  |TAMS 0x00000000e7000000, 0x00000000e7000000| Untracked 
| 113|0x00000000e7100000, 0x00000000e7100000, 0x00000000e7200000|  0%| F|  |TAMS 0x00000000e7100000, 0x00000000e7100000| Untracked 
| 114|0x00000000e7200000, 0x00000000e7200000, 0x00000000e7300000|  0%| F|  |TAMS 0x00000000e7200000, 0x00000000e7200000| Untracked 
| 115|0x00000000e7300000, 0x00000000e7300000, 0x00000000e7400000|  0%| F|  |TAMS 0x00000000e7300000, 0x00000000e7300000| Untracked 
| 116|0x00000000e7400000, 0x00000000e7400000, 0x00000000e7500000|  0%| F|  |TAMS 0x00000000e7400000, 0x00000000e7400000| Untracked 
| 117|0x00000000e7500000, 0x00000000e7500000, 0x00000000e7600000|  0%| F|  |TAMS 0x00000000e7500000, 0x00000000e7500000| Untracked 
| 118|0x00000000e7600000, 0x00000000e7600000, 0x00000000e7700000|  0%| F|  |TAMS 0x00000000e7600000, 0x00000000e7600000| Untracked 
| 119|0x00000000e7700000, 0x00000000e7700000, 0x00000000e7800000|  0%| F|  |TAMS 0x00000000e7700000, 0x00000000e7700000| Untracked 
| 120|0x00000000e7800000, 0x00000000e7800000, 0x00000000e7900000|  0%| F|  |TAMS 0x00000000e7800000, 0x00000000e7800000| Untracked 
| 121|0x00000000e7900000, 0x00000000e7900000, 0x00000000e7a00000|  0%| F|  |TAMS 0x00000000e7900000, 0x00000000e7900000| Untracked 
| 122|0x00000000e7a00000, 0x00000000e7a00000, 0x00000000e7b00000|  0%| F|  |TAMS 0x00000000e7a00000, 0x00000000e7a00000| Untracked 
| 123|0x00000000e7b00000, 0x00000000e7b00000, 0x00000000e7c00000|  0%| F|  |TAMS 0x00000000e7b00000, 0x00000000e7b00000| Untracked 
| 124|0x00000000e7c00000, 0x00000000e7c00000, 0x00000000e7d00000|  0%| F|  |TAMS 0x00000000e7c00000, 0x00000000e7c00000| Untracked 
| 125|0x00000000e7d00000, 0x00000000e7d00000, 0x00000000e7e00000|  0%| F|  |TAMS 0x00000000e7d00000, 0x00000000e7d00000| Untracked 
| 126|0x00000000e7e00000, 0x00000000e7e00000, 0x00000000e7f00000|  0%| F|  |TAMS 0x00000000e7e00000, 0x00000000e7e00000| Untracked 
| 127|0x00000000e7f00000, 0x00000000e7f00000, 0x00000000e8000000|  0%| F|  |TAMS 0x00000000e7f00000, 0x00000000e7f00000| Untracked 
| 128|0x00000000e8000000, 0x00000000e8000000, 0x00000000e8100000|  0%| F|  |TAMS 0x00000000e8000000, 0x00000000e8000000| Untracked 
| 129|0x00000000e8100000, 0x00000000e8100000, 0x00000000e8200000|  0%| F|  |TAMS 0x00000000e8100000, 0x00000000e8100000| Untracked 
| 130|0x00000000e8200000, 0x00000000e8200000, 0x00000000e8300000|  0%| F|  |TAMS 0x00000000e8200000, 0x00000000e8200000| Untracked 
| 131|0x00000000e8300000, 0x00000000e8300000, 0x00000000e8400000|  0%| F|  |TAMS 0x00000000e8300000, 0x00000000e8300000| Untracked 
| 132|0x00000000e8400000, 0x00000000e8400000, 0x00000000e8500000|  0%| F|  |TAMS 0x00000000e8400000, 0x00000000e8400000| Untracked 
| 133|0x00000000e8500000, 0x00000000e8500000, 0x00000000e8600000|  0%| F|  |TAMS 0x00000000e8500000, 0x00000000e8500000| Untracked 
| 134|0x00000000e8600000, 0x00000000e8600000, 0x00000000e8700000|  0%| F|  |TAMS 0x00000000e8600000, 0x00000000e8600000| Untracked 
| 135|0x00000000e8700000, 0x00000000e8700000, 0x00000000e8800000|  0%| F|  |TAMS 0x00000000e8700000, 0x00000000e8700000| Untracked 
| 136|0x00000000e8800000, 0x00000000e8800000, 0x00000000e8900000|  0%| F|  |TAMS 0x00000000e8800000, 0x00000000e8800000| Untracked 
| 137|0x00000000e8900000, 0x00000000e8900000, 0x00000000e8a00000|  0%| F|  |TAMS 0x00000000e8900000, 0x00000000e8900000| Untracked 
| 138|0x00000000e8a00000, 0x00000000e8a00000, 0x00000000e8b00000|  0%| F|  |TAMS 0x00000000e8a00000, 0x00000000e8a00000| Untracked 
| 139|0x00000000e8b00000, 0x00000000e8b00000, 0x00000000e8c00000|  0%| F|  |TAMS 0x00000000e8b00000, 0x00000000e8b00000| Untracked 
| 140|0x00000000e8c00000, 0x00000000e8c00000, 0x00000000e8d00000|  0%| F|  |TAMS 0x00000000e8c00000, 0x00000000e8c00000| Untracked 
| 141|0x00000000e8d00000, 0x00000000e8d00000, 0x00000000e8e00000|  0%| F|  |TAMS 0x00000000e8d00000, 0x00000000e8d00000| Untracked 
| 142|0x00000000e8e00000, 0x00000000e8e00000, 0x00000000e8f00000|  0%| F|  |TAMS 0x00000000e8e00000, 0x00000000e8e00000| Untracked 
| 143|0x00000000e8f00000, 0x00000000e8f00000, 0x00000000e9000000|  0%| F|  |TAMS 0x00000000e8f00000, 0x00000000e8f00000| Untracked 
| 144|0x00000000e9000000, 0x00000000e9000000, 0x00000000e9100000|  0%| F|  |TAMS 0x00000000e9000000, 0x00000000e9000000| Untracked 
| 145|0x00000000e9100000, 0x00000000e9100000, 0x00000000e9200000|  0%| F|  |TAMS 0x00000000e9100000, 0x00000000e9100000| Untracked 
| 146|0x00000000e9200000, 0x00000000e9200000, 0x00000000e9300000|  0%| F|  |TAMS 0x00000000e9200000, 0x00000000e9200000| Untracked 
| 147|0x00000000e9300000, 0x00000000e9300000, 0x00000000e9400000|  0%| F|  |TAMS 0x00000000e9300000, 0x00000000e9300000| Untracked 
| 148|0x00000000e9400000, 0x00000000e9400000, 0x00000000e9500000|  0%| F|  |TAMS 0x00000000e9400000, 0x00000000e9400000| Untracked 
| 149|0x00000000e9500000, 0x00000000e9500000, 0x00000000e9600000|  0%| F|  |TAMS 0x00000000e9500000, 0x00000000e9500000| Untracked 
| 150|0x00000000e9600000, 0x00000000e9600000, 0x00000000e9700000|  0%| F|  |TAMS 0x00000000e9600000, 0x00000000e9600000| Untracked 
| 151|0x00000000e9700000, 0x00000000e9700000, 0x00000000e9800000|  0%| F|  |TAMS 0x00000000e9700000, 0x00000000e9700000| Untracked 
| 152|0x00000000e9800000, 0x00000000e9800000, 0x00000000e9900000|  0%| F|  |TAMS 0x00000000e9800000, 0x00000000e9800000| Untracked 
| 153|0x00000000e9900000, 0x00000000e9900000, 0x00000000e9a00000|  0%| F|  |TAMS 0x00000000e9900000, 0x00000000e9900000| Untracked 
| 154|0x00000000e9a00000, 0x00000000e9a00000, 0x00000000e9b00000|  0%| F|  |TAMS 0x00000000e9a00000, 0x00000000e9a00000| Untracked 
| 155|0x00000000e9b00000, 0x00000000e9b00000, 0x00000000e9c00000|  0%| F|  |TAMS 0x00000000e9b00000, 0x00000000e9b00000| Untracked 
| 156|0x00000000e9c00000, 0x00000000e9c00000, 0x00000000e9d00000|  0%| F|  |TAMS 0x00000000e9c00000, 0x00000000e9c00000| Untracked 
| 157|0x00000000e9d00000, 0x00000000e9d00000, 0x00000000e9e00000|  0%| F|  |TAMS 0x00000000e9d00000, 0x00000000e9d00000| Untracked 
| 158|0x00000000e9e00000, 0x00000000e9e00000, 0x00000000e9f00000|  0%| F|  |TAMS 0x00000000e9e00000, 0x00000000e9e00000| Untracked 
| 159|0x00000000e9f00000, 0x00000000e9f00000, 0x00000000ea000000|  0%| F|  |TAMS 0x00000000e9f00000, 0x00000000e9f00000| Untracked 
| 160|0x00000000ea000000, 0x00000000ea000000, 0x00000000ea100000|  0%| F|  |TAMS 0x00000000ea000000, 0x00000000ea000000| Untracked 
| 161|0x00000000ea100000, 0x00000000ea100000, 0x00000000ea200000|  0%| F|  |TAMS 0x00000000ea100000, 0x00000000ea100000| Untracked 
| 162|0x00000000ea200000, 0x00000000ea2b5fa8, 0x00000000ea300000| 71%| E|  |TAMS 0x00000000ea200000, 0x00000000ea200000| Complete 
| 163|0x00000000ea300000, 0x00000000ea400000, 0x00000000ea400000|100%| E|CS|TAMS 0x00000000ea300000, 0x00000000ea300000| Complete 
| 164|0x00000000ea400000, 0x00000000ea500000, 0x00000000ea500000|100%| E|CS|TAMS 0x00000000ea400000, 0x00000000ea400000| Complete 
| 165|0x00000000ea500000, 0x00000000ea600000, 0x00000000ea600000|100%| E|CS|TAMS 0x00000000ea500000, 0x00000000ea500000| Complete 
| 166|0x00000000ea600000, 0x00000000ea700000, 0x00000000ea700000|100%| E|CS|TAMS 0x00000000ea600000, 0x00000000ea600000| Complete 
| 167|0x00000000ea700000, 0x00000000ea800000, 0x00000000ea800000|100%| E|CS|TAMS 0x00000000ea700000, 0x00000000ea700000| Complete 
| 168|0x00000000ea800000, 0x00000000ea900000, 0x00000000ea900000|100%| E|CS|TAMS 0x00000000ea800000, 0x00000000ea800000| Complete 
| 169|0x00000000ea900000, 0x00000000eaa00000, 0x00000000eaa00000|100%| E|CS|TAMS 0x00000000ea900000, 0x00000000ea900000| Complete 
| 170|0x00000000eaa00000, 0x00000000eab00000, 0x00000000eab00000|100%| E|CS|TAMS 0x00000000eaa00000, 0x00000000eaa00000| Complete 
| 171|0x00000000eab00000, 0x00000000eac00000, 0x00000000eac00000|100%| E|CS|TAMS 0x00000000eab00000, 0x00000000eab00000| Complete 
| 172|0x00000000eac00000, 0x00000000ead00000, 0x00000000ead00000|100%| E|  |TAMS 0x00000000eac00000, 0x00000000eac00000| Complete 
| 173|0x00000000ead00000, 0x00000000eae00000, 0x00000000eae00000|100%| E|CS|TAMS 0x00000000ead00000, 0x00000000ead00000| Complete 
| 174|0x00000000eae00000, 0x00000000eaf00000, 0x00000000eaf00000|100%| E|CS|TAMS 0x00000000eae00000, 0x00000000eae00000| Complete 
| 175|0x00000000eaf00000, 0x00000000eb000000, 0x00000000eb000000|100%| E|CS|TAMS 0x00000000eaf00000, 0x00000000eaf00000| Complete 
| 176|0x00000000eb000000, 0x00000000eb100000, 0x00000000eb100000|100%| E|CS|TAMS 0x00000000eb000000, 0x00000000eb000000| Complete 
| 177|0x00000000eb100000, 0x00000000eb200000, 0x00000000eb200000|100%| E|CS|TAMS 0x00000000eb100000, 0x00000000eb100000| Complete 
| 178|0x00000000eb200000, 0x00000000eb300000, 0x00000000eb300000|100%| E|CS|TAMS 0x00000000eb200000, 0x00000000eb200000| Complete 
| 179|0x00000000eb300000, 0x00000000eb400000, 0x00000000eb400000|100%| E|CS|TAMS 0x00000000eb300000, 0x00000000eb300000| Complete 
| 180|0x00000000eb400000, 0x00000000eb500000, 0x00000000eb500000|100%| E|CS|TAMS 0x00000000eb400000, 0x00000000eb400000| Complete 
| 181|0x00000000eb500000, 0x00000000eb600000, 0x00000000eb600000|100%| E|CS|TAMS 0x00000000eb500000, 0x00000000eb500000| Complete 
| 182|0x00000000eb600000, 0x00000000eb700000, 0x00000000eb700000|100%| E|CS|TAMS 0x00000000eb600000, 0x00000000eb600000| Complete 
| 183|0x00000000eb700000, 0x00000000eb800000, 0x00000000eb800000|100%| E|CS|TAMS 0x00000000eb700000, 0x00000000eb700000| Complete 
| 184|0x00000000eb800000, 0x00000000eb900000, 0x00000000eb900000|100%| E|CS|TAMS 0x00000000eb800000, 0x00000000eb800000| Complete 
| 185|0x00000000eb900000, 0x00000000eba00000, 0x00000000eba00000|100%| E|CS|TAMS 0x00000000eb900000, 0x00000000eb900000| Complete 
| 186|0x00000000eba00000, 0x00000000ebb00000, 0x00000000ebb00000|100%| E|CS|TAMS 0x00000000eba00000, 0x00000000eba00000| Complete 
| 187|0x00000000ebb00000, 0x00000000ebc00000, 0x00000000ebc00000|100%| E|CS|TAMS 0x00000000ebb00000, 0x00000000ebb00000| Complete 
| 188|0x00000000ebc00000, 0x00000000ebd00000, 0x00000000ebd00000|100%| E|CS|TAMS 0x00000000ebc00000, 0x00000000ebc00000| Complete 
| 189|0x00000000ebd00000, 0x00000000ebe00000, 0x00000000ebe00000|100%| E|CS|TAMS 0x00000000ebd00000, 0x00000000ebd00000| Complete 
| 190|0x00000000ebe00000, 0x00000000ebf00000, 0x00000000ebf00000|100%| E|CS|TAMS 0x00000000ebe00000, 0x00000000ebe00000| Complete 
| 191|0x00000000ebf00000, 0x00000000ec000000, 0x00000000ec000000|100%| E|CS|TAMS 0x00000000ebf00000, 0x00000000ebf00000| Complete 
| 192|0x00000000ec000000, 0x00000000ec100000, 0x00000000ec100000|100%| E|CS|TAMS 0x00000000ec000000, 0x00000000ec000000| Complete 
| 193|0x00000000ec100000, 0x00000000ec200000, 0x00000000ec200000|100%| E|CS|TAMS 0x00000000ec100000, 0x00000000ec100000| Complete 
| 194|0x00000000ec200000, 0x00000000ec300000, 0x00000000ec300000|100%| E|CS|TAMS 0x00000000ec200000, 0x00000000ec200000| Complete 
| 195|0x00000000ec300000, 0x00000000ec400000, 0x00000000ec400000|100%| E|CS|TAMS 0x00000000ec300000, 0x00000000ec300000| Complete 
| 196|0x00000000ec400000, 0x00000000ec500000, 0x00000000ec500000|100%| E|CS|TAMS 0x00000000ec400000, 0x00000000ec400000| Complete 
| 197|0x00000000ec500000, 0x00000000ec600000, 0x00000000ec600000|100%| E|CS|TAMS 0x00000000ec500000, 0x00000000ec500000| Complete 
| 198|0x00000000ec600000, 0x00000000ec700000, 0x00000000ec700000|100%| E|CS|TAMS 0x00000000ec600000, 0x00000000ec600000| Complete 
| 199|0x00000000ec700000, 0x00000000ec800000, 0x00000000ec800000|100%| E|CS|TAMS 0x00000000ec700000, 0x00000000ec700000| Complete 
| 200|0x00000000ec800000, 0x00000000ec900000, 0x00000000ec900000|100%| E|CS|TAMS 0x00000000ec800000, 0x00000000ec800000| Complete 
| 201|0x00000000ec900000, 0x00000000eca00000, 0x00000000eca00000|100%| E|CS|TAMS 0x00000000ec900000, 0x00000000ec900000| Complete 
| 202|0x00000000eca00000, 0x00000000ecb00000, 0x00000000ecb00000|100%| E|CS|TAMS 0x00000000eca00000, 0x00000000eca00000| Complete 
| 203|0x00000000ecb00000, 0x00000000ecc00000, 0x00000000ecc00000|100%| E|CS|TAMS 0x00000000ecb00000, 0x00000000ecb00000| Complete 
| 204|0x00000000ecc00000, 0x00000000ecd00000, 0x00000000ecd00000|100%| E|CS|TAMS 0x00000000ecc00000, 0x00000000ecc00000| Complete 
| 205|0x00000000ecd00000, 0x00000000ece00000, 0x00000000ece00000|100%| E|CS|TAMS 0x00000000ecd00000, 0x00000000ecd00000| Complete 
| 206|0x00000000ece00000, 0x00000000ecf00000, 0x00000000ecf00000|100%| E|CS|TAMS 0x00000000ece00000, 0x00000000ece00000| Complete 
| 207|0x00000000ecf00000, 0x00000000ed000000, 0x00000000ed000000|100%| E|CS|TAMS 0x00000000ecf00000, 0x00000000ecf00000| Complete 
| 208|0x00000000ed000000, 0x00000000ed100000, 0x00000000ed100000|100%| E|CS|TAMS 0x00000000ed000000, 0x00000000ed000000| Complete 
| 209|0x00000000ed100000, 0x00000000ed200000, 0x00000000ed200000|100%| E|CS|TAMS 0x00000000ed100000, 0x00000000ed100000| Complete 
| 210|0x00000000ed200000, 0x00000000ed300000, 0x00000000ed300000|100%| E|CS|TAMS 0x00000000ed200000, 0x00000000ed200000| Complete 
| 211|0x00000000ed300000, 0x00000000ed400000, 0x00000000ed400000|100%| E|CS|TAMS 0x00000000ed300000, 0x00000000ed300000| Complete 
| 212|0x00000000ed400000, 0x00000000ed500000, 0x00000000ed500000|100%| E|CS|TAMS 0x00000000ed400000, 0x00000000ed400000| Complete 
| 213|0x00000000ed500000, 0x00000000ed600000, 0x00000000ed600000|100%| E|CS|TAMS 0x00000000ed500000, 0x00000000ed500000| Complete 
| 214|0x00000000ed600000, 0x00000000ed700000, 0x00000000ed700000|100%| E|CS|TAMS 0x00000000ed600000, 0x00000000ed600000| Complete 
| 215|0x00000000ed700000, 0x00000000ed800000, 0x00000000ed800000|100%| E|CS|TAMS 0x00000000ed700000, 0x00000000ed700000| Complete 
| 216|0x00000000ed800000, 0x00000000ed900000, 0x00000000ed900000|100%| E|CS|TAMS 0x00000000ed800000, 0x00000000ed800000| Complete 
| 217|0x00000000ed900000, 0x00000000eda00000, 0x00000000eda00000|100%| E|CS|TAMS 0x00000000ed900000, 0x00000000ed900000| Complete 
| 218|0x00000000eda00000, 0x00000000edb00000, 0x00000000edb00000|100%| E|CS|TAMS 0x00000000eda00000, 0x00000000eda00000| Complete 
| 219|0x00000000edb00000, 0x00000000edc00000, 0x00000000edc00000|100%| E|CS|TAMS 0x00000000edb00000, 0x00000000edb00000| Complete 
| 220|0x00000000edc00000, 0x00000000edd00000, 0x00000000edd00000|100%| E|CS|TAMS 0x00000000edc00000, 0x00000000edc00000| Complete 
| 221|0x00000000edd00000, 0x00000000ede00000, 0x00000000ede00000|100%| E|CS|TAMS 0x00000000edd00000, 0x00000000edd00000| Complete 
| 222|0x00000000ede00000, 0x00000000edf00000, 0x00000000edf00000|100%| E|CS|TAMS 0x00000000ede00000, 0x00000000ede00000| Complete 
| 223|0x00000000edf00000, 0x00000000ee000000, 0x00000000ee000000|100%| E|CS|TAMS 0x00000000edf00000, 0x00000000edf00000| Complete 
| 224|0x00000000ee000000, 0x00000000ee100000, 0x00000000ee100000|100%| E|CS|TAMS 0x00000000ee000000, 0x00000000ee000000| Complete 
| 225|0x00000000ee100000, 0x00000000ee200000, 0x00000000ee200000|100%| E|CS|TAMS 0x00000000ee100000, 0x00000000ee100000| Complete 
| 226|0x00000000ee200000, 0x00000000ee300000, 0x00000000ee300000|100%| E|CS|TAMS 0x00000000ee200000, 0x00000000ee200000| Complete 
| 227|0x00000000ee300000, 0x00000000ee400000, 0x00000000ee400000|100%| E|CS|TAMS 0x00000000ee300000, 0x00000000ee300000| Complete 
| 228|0x00000000ee400000, 0x00000000ee500000, 0x00000000ee500000|100%| E|CS|TAMS 0x00000000ee400000, 0x00000000ee400000| Complete 
| 229|0x00000000ee500000, 0x00000000ee600000, 0x00000000ee600000|100%| E|CS|TAMS 0x00000000ee500000, 0x00000000ee500000| Complete 
| 230|0x00000000ee600000, 0x00000000ee700000, 0x00000000ee700000|100%| E|CS|TAMS 0x00000000ee600000, 0x00000000ee600000| Complete 
| 231|0x00000000ee700000, 0x00000000ee800000, 0x00000000ee800000|100%| E|CS|TAMS 0x00000000ee700000, 0x00000000ee700000| Complete 
| 232|0x00000000ee800000, 0x00000000ee900000, 0x00000000ee900000|100%| E|CS|TAMS 0x00000000ee800000, 0x00000000ee800000| Complete 
| 233|0x00000000ee900000, 0x00000000eea00000, 0x00000000eea00000|100%| E|CS|TAMS 0x00000000ee900000, 0x00000000ee900000| Complete 
| 234|0x00000000eea00000, 0x00000000eeb00000, 0x00000000eeb00000|100%| E|CS|TAMS 0x00000000eea00000, 0x00000000eea00000| Complete 
| 235|0x00000000eeb00000, 0x00000000eec00000, 0x00000000eec00000|100%| E|CS|TAMS 0x00000000eeb00000, 0x00000000eeb00000| Complete 
| 236|0x00000000eec00000, 0x00000000eed00000, 0x00000000eed00000|100%| E|CS|TAMS 0x00000000eec00000, 0x00000000eec00000| Complete 
| 237|0x00000000eed00000, 0x00000000eee00000, 0x00000000eee00000|100%| E|CS|TAMS 0x00000000eed00000, 0x00000000eed00000| Complete 
| 238|0x00000000eee00000, 0x00000000eef00000, 0x00000000eef00000|100%| E|CS|TAMS 0x00000000eee00000, 0x00000000eee00000| Complete 
| 239|0x00000000eef00000, 0x00000000ef000000, 0x00000000ef000000|100%| E|CS|TAMS 0x00000000eef00000, 0x00000000eef00000| Complete 
| 240|0x00000000ef000000, 0x00000000ef100000, 0x00000000ef100000|100%| E|CS|TAMS 0x00000000ef000000, 0x00000000ef000000| Complete 
| 241|0x00000000ef100000, 0x00000000ef200000, 0x00000000ef200000|100%| E|CS|TAMS 0x00000000ef100000, 0x00000000ef100000| Complete 
| 242|0x00000000ef200000, 0x00000000ef300000, 0x00000000ef300000|100%| E|CS|TAMS 0x00000000ef200000, 0x00000000ef200000| Complete 
| 243|0x00000000ef300000, 0x00000000ef400000, 0x00000000ef400000|100%| E|CS|TAMS 0x00000000ef300000, 0x00000000ef300000| Complete 
| 244|0x00000000ef400000, 0x00000000ef500000, 0x00000000ef500000|100%| E|CS|TAMS 0x00000000ef400000, 0x00000000ef400000| Complete 
| 245|0x00000000ef500000, 0x00000000ef600000, 0x00000000ef600000|100%| E|CS|TAMS 0x00000000ef500000, 0x00000000ef500000| Complete 
| 246|0x00000000ef600000, 0x00000000ef700000, 0x00000000ef700000|100%| E|CS|TAMS 0x00000000ef600000, 0x00000000ef600000| Complete 
| 247|0x00000000ef700000, 0x00000000ef800000, 0x00000000ef800000|100%| E|CS|TAMS 0x00000000ef700000, 0x00000000ef700000| Complete 
| 248|0x00000000ef800000, 0x00000000ef900000, 0x00000000ef900000|100%| E|CS|TAMS 0x00000000ef800000, 0x00000000ef800000| Complete 
| 249|0x00000000ef900000, 0x00000000efa00000, 0x00000000efa00000|100%| E|CS|TAMS 0x00000000ef900000, 0x00000000ef900000| Complete 
| 250|0x00000000efa00000, 0x00000000efb00000, 0x00000000efb00000|100%| E|CS|TAMS 0x00000000efa00000, 0x00000000efa00000| Complete 
| 251|0x00000000efb00000, 0x00000000efc00000, 0x00000000efc00000|100%| E|CS|TAMS 0x00000000efb00000, 0x00000000efb00000| Complete 
| 252|0x00000000efc00000, 0x00000000efd00000, 0x00000000efd00000|100%| E|CS|TAMS 0x00000000efc00000, 0x00000000efc00000| Complete 
| 253|0x00000000efd00000, 0x00000000efe00000, 0x00000000efe00000|100%| E|CS|TAMS 0x00000000efd00000, 0x00000000efd00000| Complete 
| 254|0x00000000efe00000, 0x00000000eff00000, 0x00000000eff00000|100%| E|CS|TAMS 0x00000000efe00000, 0x00000000efe00000| Complete 
| 255|0x00000000eff00000, 0x00000000f0000000, 0x00000000f0000000|100%| E|CS|TAMS 0x00000000eff00000, 0x00000000eff00000| Complete 

Card table byte_map: [0x000001c178f30000,0x000001c179030000] _byte_map_base: 0x000001c178830000

Marking Bits (Prev, Next): (CMBitMap*) 0x000001c16226e2f0, (CMBitMap*) 0x000001c16226e2b0
 Prev Bits: [0x000001c179930000, 0x000001c17a130000)
 Next Bits: [0x000001c179130000, 0x000001c179930000)

Polling page: 0x000001c160170000

Metaspace:

Usage:
  Non-class:     55.08 MB used.
      Class:      8.63 MB used.
       Both:     63.71 MB used.

Virtual space:
  Non-class space:       64.00 MB reserved,      55.75 MB ( 87%) committed,  1 nodes.
      Class space:      320.00 MB reserved,       9.25 MB (  3%) committed,  1 nodes.
             Both:      384.00 MB reserved,      65.00 MB ( 17%) committed. 

Chunk freelists:
   Non-Class:  7.88 MB
       Class:  6.66 MB
        Both:  14.53 MB

MaxMetaspaceSize: 384.00 MB
CompressedClassSpaceSize: 320.00 MB
Initial GC threshold: 21.00 MB
Current GC threshold: 98.25 MB
CDS: on
MetaspaceReclaimPolicy: balanced
 - commit_granule_bytes: 65536.
 - commit_granule_words: 8192.
 - virtual_space_node_default_size: 8388608.
 - enlarge_chunks_in_place: 1.
 - new_chunks_are_fully_committed: 0.
 - uncommit_free_chunks: 1.
 - use_allocation_guard: 0.
 - handle_deallocations: 1.


Internal statistics:

num_allocs_failed_limit: 9.
num_arena_births: 2212.
num_arena_deaths: 0.
num_vsnodes_births: 2.
num_vsnodes_deaths: 0.
num_space_committed: 1040.
num_space_uncommitted: 0.
num_chunks_returned_to_freelist: 9.
num_chunks_taken_from_freelist: 5549.
num_chunk_merges: 9.
num_chunk_splits: 3155.
num_chunks_enlarged: 1413.
num_inconsistent_stats: 0.

CodeHeap 'non-profiled nmethods': size=120000Kb used=10235Kb max_used=10235Kb free=109764Kb
 bounds [0x000001c1715d0000, 0x000001c171fd0000, 0x000001c178b00000]
CodeHeap 'profiled nmethods': size=120000Kb used=28467Kb max_used=28467Kb free=91533Kb
 bounds [0x000001c169b00000, 0x000001c16b6d0000, 0x000001c171030000]
CodeHeap 'non-nmethods': size=5760Kb used=2340Kb max_used=2395Kb free=3419Kb
 bounds [0x000001c171030000, 0x000001c1712a0000, 0x000001c1715d0000]
 total_blobs=15474 nmethods=14612 adapters=774
 compilation: enabled
              stopped_count=0, restarted_count=0
 full_count=0

Compilation events (20 events):
Event: 939.012 Thread 0x000001c17cb82ee0 18158       3       java.lang.PublicMethods$MethodList::getMostSpecific (63 bytes)
Event: 939.013 Thread 0x000001c17cb82ee0 nmethod 18158 0x000001c16b6cac90 code [0x000001c16b6cae40, 0x000001c16b6cb148]
Event: 939.013 Thread 0x000001c17cb82ee0 18159       3       java.lang.RuntimeException::<init> (6 bytes)
Event: 939.013 Thread 0x000001c17cb82ee0 nmethod 18159 0x000001c16b6cb310 code [0x000001c16b6cb4c0, 0x000001c16b6cb648]
Event: 939.331 Thread 0x000001c17cb7a420 nmethod 18137 0x000001c171fc8590 code [0x000001c171fc8980, 0x000001c171fccc28]
Event: 939.332 Thread 0x000001c17cb7a420 18162   !   4       io.spring.gradle.dependencymanagement.org.apache.maven.model.building.DefaultModelBuilder::importDependencyManagement (1104 bytes)
Event: 940.140 Thread 0x000001c17cb82ee0 18166       3       org.gradle.api.internal.artifacts.ivyservice.resolveengine.result.ResolutionResultGraphBuilder::getRoot (57 bytes)
Event: 940.144 Thread 0x000001c17cb82ee0 nmethod 18166 0x000001c16b6cb710 code [0x000001c16b6cb960, 0x000001c16b6cc508]
Event: 940.144 Thread 0x000001c17cb82ee0 18167       3       jdk.internal.math.FloatingDecimal::getBinaryToASCIIConverter (6 bytes)
Event: 940.145 Thread 0x000001c17cb82ee0 nmethod 18167 0x000001c16b6cc910 code [0x000001c16b6ccaa0, 0x000001c16b6ccbc8]
Event: 940.145 Thread 0x000001c17cb82ee0 18168       3       jdk.internal.math.FloatingDecimal$BinaryToASCIIBuffer::getChars (502 bytes)
Event: 940.149 Thread 0x000001c17cb82ee0 nmethod 18168 0x000001c16b6ccc90 code [0x000001c16b6ccf20, 0x000001c16b6cdf78]
Event: 940.422 Thread 0x000001c17cb82ee0 18169  s    3       java.util.Properties::putAll (9 bytes)
Event: 940.423 Thread 0x000001c17cb82ee0 nmethod 18169 0x000001c16b6ce610 code [0x000001c16b6ce7c0, 0x000001c16b6ce9a8]
Event: 940.541 Thread 0x000001c17cb82ee0 18170       1       io.spring.gradle.dependencymanagement.org.apache.maven.model.Model::setCiManagement (6 bytes)
Event: 940.541 Thread 0x000001c17cb82ee0 nmethod 18170 0x000001c171fcec10 code [0x000001c171fceda0, 0x000001c171fceeb8]
Event: 940.576 Thread 0x000001c17cb82ee0 18171       3       io.spring.gradle.dependencymanagement.org.apache.maven.model.building.ModelCacheTag$2::fromCache (9 bytes)
Event: 940.577 Thread 0x000001c17cb82ee0 nmethod 18171 0x000001c16b6cea90 code [0x000001c16b6cec60, 0x000001c16b6cefe8]
Event: 940.577 Thread 0x000001c17cb82ee0 18172       3       io.spring.gradle.dependencymanagement.org.apache.maven.model.building.ModelCacheTag$2::fromCache (6 bytes)
Event: 940.578 Thread 0x000001c17cb82ee0 nmethod 18172 0x000001c16b6cf110 code [0x000001c16b6cf2c0, 0x000001c16b6cf4e8]

GC Heap History (20 events):
Event: 118.958 GC heap before
{Heap before GC invocations=11 (full 0):
 garbage-first heap   total 262144K, used 194807K [0x00000000e0000000, 0x0000000100000000)
  region size 1024K, 153 young (156672K), 14 survivors (14336K)
 Metaspace       used 61153K, committed 61888K, reserved 393216K
  class space    used 8486K, committed 8832K, reserved 327680K
}
Event: 119.055 GC heap after
{Heap after GC invocations=12 (full 0):
 garbage-first heap   total 262144K, used 52323K [0x00000000e0000000, 0x0000000100000000)
  region size 1024K, 5 young (5120K), 5 survivors (5120K)
 Metaspace       used 61153K, committed 61888K, reserved 393216K
  class space    used 8486K, committed 8832K, reserved 327680K
}
Event: 189.455 GC heap before
{Heap before GC invocations=12 (full 0):
 garbage-first heap   total 262144K, used 203875K [0x00000000e0000000, 0x0000000100000000)
  region size 1024K, 153 young (156672K), 5 survivors (5120K)
 Metaspace       used 61948K, committed 62656K, reserved 393216K
  class space    used 8505K, committed 8832K, reserved 327680K
}
Event: 189.502 GC heap after
{Heap after GC invocations=13 (full 0):
 garbage-first heap   total 262144K, used 52849K [0x00000000e0000000, 0x0000000100000000)
  region size 1024K, 5 young (5120K), 5 survivors (5120K)
 Metaspace       used 61948K, committed 62656K, reserved 393216K
  class space    used 8505K, committed 8832K, reserved 327680K
}
Event: 335.471 GC heap before
{Heap before GC invocations=13 (full 0):
 garbage-first heap   total 262144K, used 203377K [0x00000000e0000000, 0x0000000100000000)
  region size 1024K, 153 young (156672K), 5 survivors (5120K)
 Metaspace       used 62539K, committed 63360K, reserved 393216K
  class space    used 8519K, committed 8896K, reserved 327680K
}
Event: 335.580 GC heap after
{Heap after GC invocations=14 (full 0):
 garbage-first heap   total 262144K, used 53133K [0x00000000e0000000, 0x0000000100000000)
  region size 1024K, 6 young (6144K), 6 survivors (6144K)
 Metaspace       used 62539K, committed 63360K, reserved 393216K
  class space    used 8519K, committed 8896K, reserved 327680K
}
Event: 434.981 GC heap before
{Heap before GC invocations=14 (full 0):
 garbage-first heap   total 262144K, used 202637K [0x00000000e0000000, 0x0000000100000000)
  region size 1024K, 153 young (156672K), 6 survivors (6144K)
 Metaspace       used 62843K, committed 63680K, reserved 393216K
  class space    used 8529K, committed 8896K, reserved 327680K
}
Event: 435.163 GC heap after
{Heap after GC invocations=15 (full 0):
 garbage-first heap   total 262144K, used 53848K [0x00000000e0000000, 0x0000000100000000)
  region size 1024K, 6 young (6144K), 6 survivors (6144K)
 Metaspace       used 62843K, committed 63680K, reserved 393216K
  class space    used 8529K, committed 8896K, reserved 327680K
}
Event: 505.310 GC heap before
{Heap before GC invocations=15 (full 0):
 garbage-first heap   total 262144K, used 204376K [0x00000000e0000000, 0x0000000100000000)
  region size 1024K, 153 young (156672K), 6 survivors (6144K)
 Metaspace       used 63017K, committed 63808K, reserved 393216K
  class space    used 8529K, committed 8896K, reserved 327680K
}
Event: 505.366 GC heap after
{Heap after GC invocations=16 (full 0):
 garbage-first heap   total 262144K, used 53544K [0x00000000e0000000, 0x0000000100000000)
  region size 1024K, 6 young (6144K), 6 survivors (6144K)
 Metaspace       used 63017K, committed 63808K, reserved 393216K
  class space    used 8529K, committed 8896K, reserved 327680K
}
Event: 581.535 GC heap before
{Heap before GC invocations=16 (full 0):
 garbage-first heap   total 262144K, used 204072K [0x00000000e0000000, 0x0000000100000000)
  region size 1024K, 153 young (156672K), 6 survivors (6144K)
 Metaspace       used 63168K, committed 63936K, reserved 393216K
  class space    used 8529K, committed 8896K, reserved 327680K
}
Event: 581.700 GC heap after
{Heap after GC invocations=17 (full 0):
 garbage-first heap   total 262144K, used 54547K [0x00000000e0000000, 0x0000000100000000)
  region size 1024K, 7 young (7168K), 7 survivors (7168K)
 Metaspace       used 63168K, committed 63936K, reserved 393216K
  class space    used 8529K, committed 8896K, reserved 327680K
}
Event: 617.190 GC heap before
{Heap before GC invocations=17 (full 0):
 garbage-first heap   total 262144K, used 204051K [0x00000000e0000000, 0x0000000100000000)
  region size 1024K, 153 young (156672K), 7 survivors (7168K)
 Metaspace       used 64706K, committed 65984K, reserved 393216K
  class space    used 8805K, committed 9408K, reserved 327680K
}
Event: 617.232 GC heap after
{Heap after GC invocations=18 (full 0):
 garbage-first heap   total 262144K, used 56236K [0x00000000e0000000, 0x0000000100000000)
  region size 1024K, 9 young (9216K), 9 survivors (9216K)
 Metaspace       used 64706K, committed 65984K, reserved 393216K
  class space    used 8805K, committed 9408K, reserved 327680K
}
Event: 729.209 GC heap before
{Heap before GC invocations=18 (full 0):
 garbage-first heap   total 262144K, used 202668K [0x00000000e0000000, 0x0000000100000000)
  region size 1024K, 153 young (156672K), 9 survivors (9216K)
 Metaspace       used 64953K, committed 66240K, reserved 393216K
  class space    used 8834K, committed 9472K, reserved 327680K
}
Event: 729.292 GC heap after
{Heap after GC invocations=19 (full 0):
 garbage-first heap   total 262144K, used 50829K [0x00000000e0000000, 0x0000000100000000)
  region size 1024K, 3 young (3072K), 3 survivors (3072K)
 Metaspace       used 64953K, committed 66240K, reserved 393216K
  class space    used 8834K, committed 9472K, reserved 327680K
}
Event: 815.061 GC heap before
{Heap before GC invocations=19 (full 0):
 garbage-first heap   total 262144K, used 203405K [0x00000000e0000000, 0x0000000100000000)
  region size 1024K, 153 young (156672K), 3 survivors (3072K)
 Metaspace       used 65067K, committed 66368K, reserved 393216K
  class space    used 8835K, committed 9472K, reserved 327680K
}
Event: 815.157 GC heap after
{Heap after GC invocations=20 (full 0):
 garbage-first heap   total 262144K, used 53539K [0x00000000e0000000, 0x0000000100000000)
  region size 1024K, 6 young (6144K), 6 survivors (6144K)
 Metaspace       used 65067K, committed 66368K, reserved 393216K
  class space    used 8835K, committed 9472K, reserved 327680K
}
Event: 859.779 GC heap before
{Heap before GC invocations=20 (full 0):
 garbage-first heap   total 262144K, used 204067K [0x00000000e0000000, 0x0000000100000000)
  region size 1024K, 153 young (156672K), 6 survivors (6144K)
 Metaspace       used 65193K, committed 66496K, reserved 393216K
  class space    used 8836K, committed 9472K, reserved 327680K
}
Event: 859.874 GC heap after
{Heap after GC invocations=21 (full 0):
 garbage-first heap   total 262144K, used 54867K [0x00000000e0000000, 0x0000000100000000)
  region size 1024K, 7 young (7168K), 7 survivors (7168K)
 Metaspace       used 65193K, committed 66496K, reserved 393216K
  class space    used 8836K, committed 9472K, reserved 327680K
}

Deoptimization events (20 events):
Event: 790.455 Thread 0x000001c17cda2e40 Uncommon trap: trap_request=0xffffff76 fr.pc=0x000001c171eeb658 relative=0x0000000000001318
Event: 790.455 Thread 0x000001c17cda2e40 Uncommon trap: reason=predicate action=maybe_recompile pc=0x000001c171eeb658 method=java.util.TimSort.reverseRange([Ljava/lang/Object;II)V @ 5 c2
Event: 790.455 Thread 0x000001c17cda2e40 DEOPT PACKING pc=0x000001c171eeb658 sp=0x000000b5245f57c0
Event: 790.455 Thread 0x000001c17cda2e40 DEOPT UNPACKING pc=0x000001c1710823a3 sp=0x000000b5245f5660 mode 2
Event: 816.388 Thread 0x000001c17e8e6080 Uncommon trap: trap_request=0xffffffdc fr.pc=0x000001c171f309d0 relative=0x00000000000002b0
Event: 816.388 Thread 0x000001c17e8e6080 Uncommon trap: reason=class_check action=make_not_entrant pc=0x000001c171f309d0 method=java.util.ArrayDeque.toArray(Ljava/lang/Class;)[Ljava/lang/Object; @ 45 c2
Event: 816.388 Thread 0x000001c17e8e6080 DEOPT PACKING pc=0x000001c171f309d0 sp=0x000000b52b7fa0b0
Event: 816.393 Thread 0x000001c17e8e6080 DEOPT UNPACKING pc=0x000001c1710823a3 sp=0x000000b52b7fa050 mode 2
Event: 837.109 Thread 0x000001c17cda2e40 Uncommon trap: trap_request=0xffffffde fr.pc=0x000001c171be4f48 relative=0x0000000000000448
Event: 837.109 Thread 0x000001c17cda2e40 Uncommon trap: reason=class_check action=maybe_recompile pc=0x000001c171be4f48 method=java.util.concurrent.ConcurrentHashMap.get(Ljava/lang/Object;)Ljava/lang/Object; @ 93 c2
Event: 837.110 Thread 0x000001c17cda2e40 DEOPT PACKING pc=0x000001c171be4f48 sp=0x000000b5245f8940
Event: 837.110 Thread 0x000001c17cda2e40 DEOPT UNPACKING pc=0x000001c1710823a3 sp=0x000000b5245f8830 mode 2
Event: 838.497 Thread 0x000001c17cda2e40 DEOPT PACKING pc=0x000001c16b33d82e sp=0x000000b5245f8550
Event: 838.498 Thread 0x000001c17cda2e40 DEOPT UNPACKING pc=0x000001c171082b43 sp=0x000000b5245f7a68 mode 0
Event: 858.950 Thread 0x000001c17cda2e40 DEOPT PACKING pc=0x000001c169e54f66 sp=0x000000b5245f8730
Event: 858.951 Thread 0x000001c17cda2e40 DEOPT UNPACKING pc=0x000001c171082b43 sp=0x000000b5245f7bf8 mode 0
Event: 859.997 Thread 0x000001c17cda2e40 DEOPT PACKING pc=0x000001c16aa3bc69 sp=0x000000b5245f8440
Event: 859.997 Thread 0x000001c17cda2e40 DEOPT UNPACKING pc=0x000001c171082b43 sp=0x000000b5245f79a8 mode 0
Event: 938.598 Thread 0x000001c17e8dfb40 DEOPT PACKING pc=0x000001c16b04cb4e sp=0x000000b5243f9230
Event: 938.599 Thread 0x000001c17e8dfb40 DEOPT UNPACKING pc=0x000001c171082b43 sp=0x000000b5243f85f8 mode 0

Classes unloaded (0 events):
No events

Classes redefined (0 events):
No events

Internal exceptions (20 events):
Event: 837.180 Thread 0x000001c17cda2e40 Exception <a 'java/lang/NoClassDefFoundError'{0x00000000ec68dab8}: org/graalvm/buildtools/gradle/NativeImagePlugin> (0x00000000ec68dab8) 
thrown [s\open\src\hotspot\share\oops\constantPool.cpp, line 837]
Event: 837.180 Thread 0x000001c17cda2e40 Exception <a 'java/lang/NoClassDefFoundError'{0x00000000ec68fba0}: org/cyclonedx/gradle/CycloneDxPlugin> (0x00000000ec68fba0) 
thrown [s\open\src\hotspot\share\oops\constantPool.cpp, line 837]
Event: 839.431 Thread 0x000001c17cda2e40 Exception <a 'sun/nio/fs/WindowsException'{0x00000000e912b098}> (0x00000000e912b098) 
thrown [s\open\src\hotspot\share\prims\jni.cpp, line 516]
Event: 839.432 Thread 0x000001c17cda2e40 Exception <a 'sun/nio/fs/WindowsException'{0x00000000e912b368}> (0x00000000e912b368) 
thrown [s\open\src\hotspot\share\prims\jni.cpp, line 516]
Event: 858.479 Thread 0x000001c17cda2e40 Exception <a 'sun/nio/fs/WindowsException'{0x00000000e8a3eba0}> (0x00000000e8a3eba0) 
thrown [s\open\src\hotspot\share\prims\jni.cpp, line 516]
Event: 858.483 Thread 0x000001c17cda2e40 Exception <a 'sun/nio/fs/WindowsException'{0x00000000e8a40108}> (0x00000000e8a40108) 
thrown [s\open\src\hotspot\share\prims\jni.cpp, line 516]
Event: 858.484 Thread 0x000001c17cda2e40 Exception <a 'sun/nio/fs/WindowsException'{0x00000000e8a41670}> (0x00000000e8a41670) 
thrown [s\open\src\hotspot\share\prims\jni.cpp, line 516]
Event: 858.485 Thread 0x000001c17cda2e40 Exception <a 'sun/nio/fs/WindowsException'{0x00000000e8a427c8}> (0x00000000e8a427c8) 
thrown [s\open\src\hotspot\share\prims\jni.cpp, line 516]
Event: 859.039 Thread 0x000001c17cda2e40 Exception <a 'java/lang/NoClassDefFoundError'{0x00000000e85da3d0}: org/jetbrains/kotlin/gradle/plugin/KotlinPluginWrapper> (0x00000000e85da3d0) 
thrown [s\open\src\hotspot\share\oops\constantPool.cpp, line 837]
Event: 859.039 Thread 0x000001c17cda2e40 Exception <a 'java/lang/NoClassDefFoundError'{0x00000000e85dc4c8}: org/graalvm/buildtools/gradle/NativeImagePlugin> (0x00000000e85dc4c8) 
thrown [s\open\src\hotspot\share\oops\constantPool.cpp, line 837]
Event: 859.040 Thread 0x000001c17cda2e40 Exception <a 'java/lang/NoClassDefFoundError'{0x00000000e85de5b0}: org/cyclonedx/gradle/CycloneDxPlugin> (0x00000000e85de5b0) 
thrown [s\open\src\hotspot\share\oops\constantPool.cpp, line 837]
Event: 861.752 Thread 0x000001c17cda2e40 Exception <a 'sun/nio/fs/WindowsException'{0x00000000ee2111b8}> (0x00000000ee2111b8) 
thrown [s\open\src\hotspot\share\prims\jni.cpp, line 516]
Event: 861.753 Thread 0x000001c17cda2e40 Exception <a 'sun/nio/fs/WindowsException'{0x00000000ee211488}> (0x00000000ee211488) 
thrown [s\open\src\hotspot\share\prims\jni.cpp, line 516]
Event: 938.336 Thread 0x000001c17e8dfb40 Exception <a 'sun/nio/fs/WindowsException'{0x00000000ed82d5c8}> (0x00000000ed82d5c8) 
thrown [s\open\src\hotspot\share\prims\jni.cpp, line 516]
Event: 938.341 Thread 0x000001c17e8dfb40 Exception <a 'sun/nio/fs/WindowsException'{0x00000000ed82edb0}> (0x00000000ed82edb0) 
thrown [s\open\src\hotspot\share\prims\jni.cpp, line 516]
Event: 938.342 Thread 0x000001c17e8dfb40 Exception <a 'sun/nio/fs/WindowsException'{0x00000000ed830318}> (0x00000000ed830318) 
thrown [s\open\src\hotspot\share\prims\jni.cpp, line 516]
Event: 938.343 Thread 0x000001c17e8dfb40 Exception <a 'sun/nio/fs/WindowsException'{0x00000000ed831470}> (0x00000000ed831470) 
thrown [s\open\src\hotspot\share\prims\jni.cpp, line 516]
Event: 938.923 Thread 0x000001c17e8dfb40 Exception <a 'java/lang/NoClassDefFoundError'{0x00000000ed37e3d8}: org/jetbrains/kotlin/gradle/plugin/KotlinPluginWrapper> (0x00000000ed37e3d8) 
thrown [s\open\src\hotspot\share\oops\constantPool.cpp, line 837]
Event: 938.923 Thread 0x000001c17e8dfb40 Exception <a 'java/lang/NoClassDefFoundError'{0x00000000ed3804d0}: org/graalvm/buildtools/gradle/NativeImagePlugin> (0x00000000ed3804d0) 
thrown [s\open\src\hotspot\share\oops\constantPool.cpp, line 837]
Event: 938.924 Thread 0x000001c17e8dfb40 Exception <a 'java/lang/NoClassDefFoundError'{0x00000000ed3827f8}: org/cyclonedx/gradle/CycloneDxPlugin> (0x00000000ed3827f8) 
thrown [s\open\src\hotspot\share\oops\constantPool.cpp, line 837]

VM Operations (20 events):
Event: 841.770 Executing VM operation: HandshakeAllThreads
Event: 841.770 Executing VM operation: HandshakeAllThreads done
Event: 858.942 Executing VM operation: Cleanup
Event: 858.943 Executing VM operation: Cleanup done
Event: 859.778 Executing VM operation: G1CollectForAllocation
Event: 859.874 Executing VM operation: G1CollectForAllocation done
Event: 860.884 Executing VM operation: Cleanup
Event: 860.961 Executing VM operation: Cleanup done
Event: 861.971 Executing VM operation: Cleanup
Event: 861.971 Executing VM operation: Cleanup done
Event: 878.087 Executing VM operation: Cleanup
Event: 878.088 Executing VM operation: Cleanup done
Event: 901.910 Executing VM operation: HandshakeAllThreads
Event: 901.910 Executing VM operation: HandshakeAllThreads done
Event: 937.267 Executing VM operation: Cleanup
Event: 937.268 Executing VM operation: Cleanup done
Event: 938.270 Executing VM operation: Cleanup
Event: 938.270 Executing VM operation: Cleanup done
Event: 939.271 Executing VM operation: Cleanup
Event: 939.271 Executing VM operation: Cleanup done

Events (20 events):
Event: 939.701 Thread 0x000001c11a4d7510 Thread added: 0x000001c11a4d7510
Event: 939.714 Thread 0x000001c11a4d4270 Thread added: 0x000001c11a4d4270
Event: 939.729 Thread 0x000001c11a4d4780 Thread added: 0x000001c11a4d4780
Event: 939.742 Thread 0x000001c1196da490 Thread added: 0x000001c1196da490
Event: 939.753 Thread 0x000001c1196d7700 Thread added: 0x000001c1196d7700
Event: 939.767 Thread 0x000001c1196d9050 Thread added: 0x000001c1196d9050
Event: 939.781 Thread 0x000001c1196dd730 Thread added: 0x000001c1196dd730
Event: 939.797 Thread 0x000001c1196d6ce0 Thread added: 0x000001c1196d6ce0
Event: 939.811 Thread 0x000001c1196d8630 Thread added: 0x000001c1196d8630
Event: 939.829 Thread 0x000001c1196d8120 Thread added: 0x000001c1196d8120
Event: 939.840 Thread 0x000001c1196ddc40 Thread added: 0x000001c1196ddc40
Event: 939.856 Thread 0x000001c1196de150 Thread added: 0x000001c1196de150
Event: 939.868 Thread 0x000001c1196d71f0 Thread added: 0x000001c1196d71f0
Event: 939.879 Thread 0x000001c1196dc2f0 Thread added: 0x000001c1196dc2f0
Event: 939.894 Thread 0x000001c1196de660 Thread added: 0x000001c1196de660
Event: 939.910 Thread 0x000001c1196d7c10 Thread added: 0x000001c1196d7c10
Event: 940.306 Thread 0x000001c1196d9560 Thread added: 0x000001c1196d9560
Event: 940.335 Thread 0x000001c1196d9a70 Thread added: 0x000001c1196d9a70
Event: 940.351 Thread 0x000001c1196da9a0 Thread added: 0x000001c1196da9a0
Event: 940.373 Thread 0x000001c1196db3c0 Thread added: 0x000001c1196db3c0


Dynamic libraries:
0x00007ff75e200000 - 0x00007ff75e210000 	C:\Sravs\bin\java.exe
0x00007ffeb3bd0000 - 0x00007ffeb3dc8000 	C:\WINDOWS\SYSTEM32\ntdll.dll
0x00007ffe83d80000 - 0x00007ffe83d9b000 	C:\Program Files\Avast Software\Avast\aswhook.dll
0x00007ffeb3580000 - 0x00007ffeb3642000 	C:\WINDOWS\System32\KERNEL32.DLL
0x00007ffeb1620000 - 0x00007ffeb1916000 	C:\WINDOWS\System32\KERNELBASE.dll
0x00007ffeb1950000 - 0x00007ffeb1a50000 	C:\WINDOWS\System32\ucrtbase.dll
0x00007ffe9d440000 - 0x00007ffe9d45b000 	C:\Sravs\bin\VCRUNTIME140.dll
0x00007ffe9e0a0000 - 0x00007ffe9e0b9000 	C:\Sravs\bin\jli.dll
0x00007ffeb2bb0000 - 0x00007ffeb2c5f000 	C:\WINDOWS\System32\ADVAPI32.dll
0x00007ffeb20f0000 - 0x00007ffeb218e000 	C:\WINDOWS\System32\msvcrt.dll
0x00007ffeb3af0000 - 0x00007ffeb3b8f000 	C:\WINDOWS\System32\sechost.dll
0x00007ffeb39c0000 - 0x00007ffeb3ae3000 	C:\WINDOWS\System32\RPCRT4.dll
0x00007ffeb1920000 - 0x00007ffeb1947000 	C:\WINDOWS\System32\bcrypt.dll
0x00007ffeb21d0000 - 0x00007ffeb236d000 	C:\WINDOWS\System32\USER32.dll
0x00007ffeb14d0000 - 0x00007ffeb14f2000 	C:\WINDOWS\System32\win32u.dll
0x00007ffe94390000 - 0x00007ffe9462a000 	C:\WINDOWS\WinSxS\amd64_microsoft.windows.common-controls_6595b64144ccf1df_6.0.19041.5794_none_60bcd33171f2783c\COMCTL32.dll
0x00007ffeb21a0000 - 0x00007ffeb21cb000 	C:\WINDOWS\System32\GDI32.dll
0x00007ffeb1a50000 - 0x00007ffeb1b6a000 	C:\WINDOWS\System32\gdi32full.dll
0x00007ffeb1500000 - 0x00007ffeb159d000 	C:\WINDOWS\System32\msvcp_win.dll
0x00007ffea60e0000 - 0x00007ffea60ea000 	C:\WINDOWS\SYSTEM32\VERSION.dll
0x00007ffeb1de0000 - 0x00007ffeb1e0f000 	C:\WINDOWS\System32\IMM32.DLL
0x00007ffeae1c0000 - 0x00007ffeae1cc000 	C:\Sravs\bin\vcruntime140_1.dll
0x00007ffe817c0000 - 0x00007ffe8184e000 	C:\Sravs\bin\msvcp140.dll
0x00007ffe4bf50000 - 0x00007ffe4cb30000 	C:\Sravs\bin\server\jvm.dll
0x00007ffeb2190000 - 0x00007ffeb2198000 	C:\WINDOWS\System32\PSAPI.DLL
0x00007ffe990b0000 - 0x00007ffe990b9000 	C:\WINDOWS\SYSTEM32\WSOCK32.dll
0x00007ffea60b0000 - 0x00007ffea60d7000 	C:\WINDOWS\SYSTEM32\WINMM.dll
0x00007ffeb2d10000 - 0x00007ffeb2d7b000 	C:\WINDOWS\System32\WS2_32.dll
0x00007ffeafa90000 - 0x00007ffeafaa2000 	C:\WINDOWS\SYSTEM32\kernel.appcore.dll
0x00007ffeacb20000 - 0x00007ffeacb2a000 	C:\Sravs\bin\jimage.dll
0x00007ffeaf720000 - 0x00007ffeaf921000 	C:\WINDOWS\SYSTEM32\DBGHELP.DLL
0x00007ffea3800000 - 0x00007ffea3834000 	C:\WINDOWS\SYSTEM32\dbgcore.DLL
0x00007ffeb1b70000 - 0x00007ffeb1bf2000 	C:\WINDOWS\System32\bcryptPrimitives.dll
0x00007ffe9e4a0000 - 0x00007ffe9e4ae000 	C:\Sravs\bin\instrument.dll
0x00007ffe913f0000 - 0x00007ffe91415000 	C:\Sravs\bin\java.dll
0x00007ffe7af30000 - 0x00007ffe7b007000 	C:\Sravs\bin\jsvml.dll
0x00007ffeb2440000 - 0x00007ffeb2bae000 	C:\WINDOWS\System32\SHELL32.dll
0x00007ffeaeea0000 - 0x00007ffeaf643000 	C:\WINDOWS\SYSTEM32\windows.storage.dll
0x00007ffeb3210000 - 0x00007ffeb3563000 	C:\WINDOWS\System32\combase.dll
0x00007ffeb0c30000 - 0x00007ffeb0c5b000 	C:\WINDOWS\SYSTEM32\Wldp.dll
0x00007ffeb2370000 - 0x00007ffeb243d000 	C:\WINDOWS\System32\OLEAUT32.dll
0x00007ffeb1c00000 - 0x00007ffeb1cad000 	C:\WINDOWS\System32\SHCORE.dll
0x00007ffeb38d0000 - 0x00007ffeb3925000 	C:\WINDOWS\System32\shlwapi.dll
0x00007ffeb11a0000 - 0x00007ffeb11c5000 	C:\WINDOWS\SYSTEM32\profapi.dll
0x00007ffe94a90000 - 0x00007ffe94aa8000 	C:\Sravs\bin\zip.dll
0x00007ffe94640000 - 0x00007ffe94659000 	C:\Sravs\bin\net.dll
0x00007ffead320000 - 0x00007ffead42a000 	C:\WINDOWS\SYSTEM32\WINHTTP.dll
0x00007ffeb0990000 - 0x00007ffeb09fc000 	C:\WINDOWS\system32\mswsock.dll
0x00007ffe91b10000 - 0x00007ffe91b26000 	C:\Sravs\bin\nio.dll
0x00007ffe9e090000 - 0x00007ffe9e0a0000 	C:\Sravs\bin\verify.dll
0x00007ffe91f00000 - 0x00007ffe91f27000 	C:\Users\91709\.gradle\native\1def1411415f61bf3af743bc5b6707747c0891f09f0c88961ee8f79bc544acac\windows-amd64\native-platform.dll
0x00007ffe800c0000 - 0x00007ffe80138000 	C:\Users\91709\.gradle\native\0.2.7\x86_64-windows-gnu\gradle-fileevents.dll
0x00007ffe95a40000 - 0x00007ffe95a4a000 	C:\Sravs\bin\management.dll
0x00007ffe94240000 - 0x00007ffe9424b000 	C:\Sravs\bin\management_ext.dll
0x00007ffeb0670000 - 0x00007ffeb06ab000 	C:\WINDOWS\SYSTEM32\IPHLPAPI.DLL
0x00007ffeb3860000 - 0x00007ffeb3868000 	C:\WINDOWS\System32\NSI.dll
0x00007ffea8a40000 - 0x00007ffea8a57000 	C:\WINDOWS\SYSTEM32\dhcpcsvc6.DLL
0x00007ffea9ce0000 - 0x00007ffea9cfd000 	C:\WINDOWS\SYSTEM32\dhcpcsvc.DLL
0x00007ffeb06b0000 - 0x00007ffeb077a000 	C:\WINDOWS\SYSTEM32\DNSAPI.dll
0x00007ffeb0b90000 - 0x00007ffeb0ba8000 	C:\WINDOWS\SYSTEM32\CRYPTSP.dll
0x00007ffeb0250000 - 0x00007ffeb0288000 	C:\WINDOWS\system32\rsaenh.dll
0x00007ffeb1160000 - 0x00007ffeb118e000 	C:\WINDOWS\SYSTEM32\USERENV.dll
0x00007ffeb0b80000 - 0x00007ffeb0b8c000 	C:\WINDOWS\SYSTEM32\CRYPTBASE.dll
0x00007ffe93dc0000 - 0x00007ffe93dce000 	C:\Sravs\bin\sunmscapi.dll
0x00007ffeb12c0000 - 0x00007ffeb141d000 	C:\WINDOWS\System32\CRYPT32.dll
0x00007ffeb0ca0000 - 0x00007ffeb0cc7000 	C:\WINDOWS\SYSTEM32\ncrypt.dll
0x00007ffeb0c60000 - 0x00007ffeb0c9b000 	C:\WINDOWS\SYSTEM32\NTASN1.dll
0x00007ffea0320000 - 0x00007ffea0327000 	C:\WINDOWS\system32\wshunix.dll

dbghelp: loaded successfully - version: 4.0.5 - missing functions: none
symbol engine: initialized successfully - sym options: 0x614 - pdb path: .;C:\Sravs\bin;C:\WINDOWS\SYSTEM32;C:\Program Files\Avast Software\Avast;C:\WINDOWS\WinSxS\amd64_microsoft.windows.common-controls_6595b64144ccf1df_6.0.19041.5794_none_60bcd33171f2783c;C:\Sravs\bin\server;C:\Users\91709\.gradle\native\1def1411415f61bf3af743bc5b6707747c0891f09f0c88961ee8f79bc544acac\windows-amd64;C:\Users\91709\.gradle\native\0.2.7\x86_64-windows-gnu

VM Arguments:
jvm_args: --add-opens=java.base/java.lang=ALL-UNNAMED --add-opens=java.base/java.lang.invoke=ALL-UNNAMED --add-opens=java.base/java.util=ALL-UNNAMED --add-opens=java.prefs/java.util.prefs=ALL-UNNAMED --add-exports=jdk.compiler/com.sun.tools.javac.api=ALL-UNNAMED --add-exports=jdk.compiler/com.sun.tools.javac.util=ALL-UNNAMED --add-opens=java.base/java.util=ALL-UNNAMED --add-opens=java.prefs/java.util.prefs=ALL-UNNAMED --add-opens=java.base/java.nio.charset=ALL-UNNAMED --add-opens=java.base/java.net=ALL-UNNAMED --add-opens=java.base/java.util.concurrent.atomic=ALL-UNNAMED --add-opens=java.xml/javax.xml.namespace=ALL-UNNAMED -XX:MaxMetaspaceSize=384m -XX:+HeapDumpOnOutOfMemoryError -Xms256m -Xmx512m -Dfile.encoding=UTF-8 -Duser.country=IN -Duser.language=en -Duser.variant -javaagent:C:\Users\91709\.gradle\wrapper\dists\gradle-8.13-bin\5xuhj0ry160q40clulazy9h7d\gradle-8.13\lib\agents\gradle-instrumentation-agent-8.13.jar 
java_command: org.gradle.launcher.daemon.bootstrap.GradleDaemon 8.13
java_class_path (initial): C:\Users\91709\.gradle\wrapper\dists\gradle-8.13-bin\5xuhj0ry160q40clulazy9h7d\gradle-8.13\lib\gradle-daemon-main-8.13.jar
Launcher Type: SUN_STANDARD

[Global flags]
     intx CICompilerCount                          = 4                                         {product} {ergonomic}
   size_t CompressedClassSpaceSize                 = 335544320                                 {product} {ergonomic}
     uint ConcGCThreads                            = 2                                         {product} {ergonomic}
     uint G1ConcRefinementThreads                  = 8                                         {product} {ergonomic}
   size_t G1HeapRegionSize                         = 1048576                                   {product} {ergonomic}
    uintx GCDrainStackTargetSize                   = 64                                        {product} {ergonomic}
     bool HeapDumpOnOutOfMemoryError               = true                                   {manageable} {command line}
   size_t InitialHeapSize                          = 268435456                                 {product} {command line}
   size_t MarkStackSize                            = 4194304                                   {product} {ergonomic}
   size_t MaxHeapSize                              = 536870912                                 {product} {command line}
   size_t MaxMetaspaceSize                         = 402653184                                 {product} {command line}
   size_t MaxNewSize                               = 321912832                                 {product} {ergonomic}
   size_t MinHeapDeltaBytes                        = 1048576                                   {product} {ergonomic}
   size_t MinHeapSize                              = 268435456                                 {product} {command line}
    uintx NonNMethodCodeHeapSize                   = 5839372                                {pd product} {ergonomic}
    uintx NonProfiledCodeHeapSize                  = 122909434                              {pd product} {ergonomic}
    uintx ProfiledCodeHeapSize                     = 122909434                              {pd product} {ergonomic}
    uintx ReservedCodeCacheSize                    = 251658240                              {pd product} {ergonomic}
     bool SegmentedCodeCache                       = true                                      {product} {ergonomic}
   size_t SoftMaxHeapSize                          = 536870912                              {manageable} {ergonomic}
     bool UseCompressedClassPointers               = true                           {product lp64_product} {ergonomic}
     bool UseCompressedOops                        = true                           {product lp64_product} {ergonomic}
     bool UseG1GC                                  = true                                      {product} {ergonomic}
     bool UseLargePagesIndividualAllocation        = false                                  {pd product} {ergonomic}

Logging:
Log output configuration:
 #0: stdout all=warning uptime,level,tags
 #1: stderr all=off uptime,level,tags

Environment Variables:
PATH=C:\Program Files\Common Files\Oracle\Java\javapath;C:\WINDOWS\system32;C:\WINDOWS;C:\WINDOWS\System32\Wbem;C:\WINDOWS\System32\WindowsPowerShell\v1.0\;C:\WINDOWS\System32\OpenSSH\;C:\Dwimperl\perl\bin;C:\Dwimperl\perl\site\bin;C:\Dwimperl\c\bin;C:\Program Files\MATLAB\R2014a\runtime\win64;C:\Program Files\MATLAB\R2014a\bin;C:\Program Files\MATLAB\R2014a\polyspace\bin;C:\Program Files\HP\HP One Agent;C:\Program Files\Git\cmd;C:\Sravs\;C:\Users\91709\AppData\Local\Programs\Python\Python310\Scripts\;C:\Users\91709\AppData\Local\Programs\Python\Python310\;C:\Program Files\MySQL\MySQL Shell 8.0\bin\;C:\Users\91709\AppData\Local\Microsoft\WindowsApps;;C:\Users\91709\AppData\Local\Programs\Microsoft VS Code\bin;C:\Users\91709\AppData\Roaming\npm;C:\Sravs\IntelliJ IDEA 2025.1.1.1\bin;
USERNAME=91709
OS=Windows_NT
PROCESSOR_IDENTIFIER=AMD64 Family 23 Model 24 Stepping 1, AuthenticAMD



---------------  S Y S T E M  ---------------

OS:
 Windows 10 , 64 bit Build 19041 (10.0.19041.5794)
OS uptime: 0 days 5:22 hours

CPU: total 8 (initial active 8) (8 cores per cpu, 2 threads per core) family 23 model 24 stepping 1 microcode 0x0, cx8, cmov, fxsr, ht, mmx, 3dnowpref, sse, sse2, sse3, ssse3, sse4a, sse4.1, sse4.2, popcnt, lzcnt, tsc, tscinvbit, avx, avx2, aes, clmul, bmi1, bmi2, adx, sha, fma, vzeroupper, clflush, clflushopt

Memory: 4k page, system-wide physical 6018M (173M free)
TotalPageFile size 24450M (AvailPageFile size 4M)
current process WorkingSet (physical memory assigned to process): 216M, peak: 333M
current process commit charge ("private bytes"): 540M, peak: 543M

vm_info: Java HotSpot(TM) 64-Bit Server VM (17.0.12+8-LTS-286) for windows-amd64 JRE (17.0.12+8-LTS-286), built on Jun  5 2024 06:46:59 by "mach5one" with MS VC++ 17.6 (VS2022)

END.
